  [1m[35m (41.6ms)[0m  [1m[35mSET NAMES utf8,  @@SESSION.sql_mode = CONCAT(CONCAT(@@sql_mode, ',STRICT_ALL_TABLES'), ',NO_AUTO_VALUE_ON_ZERO'),  @@SESSION.sql_auto_is_null = 0, @@SESSION.wait_timeout = 2147483[0m
  ↳ bin/rails:9
  [1m[35m (870.8ms)[0m  [1m[35mCREATE TABLE `schema_migrations` (`version` varchar(255) NOT NULL PRIMARY KEY)[0m
  ↳ bin/rails:9
  [1m[35m (480.7ms)[0m  [1m[35mCREATE TABLE `ar_internal_metadata` (`key` varchar(255) NOT NULL PRIMARY KEY, `value` varchar(255), `created_at` datetime NOT NULL, `updated_at` datetime NOT NULL)[0m
  ↳ bin/rails:9
  [1m[35m (27.0ms)[0m  [1m[34mSELECT GET_LOCK('1216242087395950230', 0)[0m
  ↳ bin/rails:9
  [1m[35m (0.4ms)[0m  [1m[34mSELECT `schema_migrations`.`version` FROM `schema_migrations` ORDER BY `schema_migrations`.`version` ASC[0m
  ↳ bin/rails:9
Migrating to DeviseCreateAdminUsers (20180724145203)
  [1m[35m (399.5ms)[0m  [1m[35mCREATE TABLE `admin_users` (`id` bigint NOT NULL AUTO_INCREMENT PRIMARY KEY, `email` varchar(255) DEFAULT '' NOT NULL, `encrypted_password` varchar(255) DEFAULT '' NOT NULL, `reset_password_token` varchar(255), `reset_password_sent_at` datetime, `remember_created_at` datetime, `sign_in_count` int DEFAULT 0 NOT NULL, `current_sign_in_at` datetime, `last_sign_in_at` datetime, `current_sign_in_ip` varchar(255), `last_sign_in_ip` varchar(255), `created_at` datetime NOT NULL, `updated_at` datetime NOT NULL)[0m
  ↳ db/migrate/20180724145203_devise_create_admin_users.rb:5
  [1m[35m (536.8ms)[0m  [1m[35mCREATE UNIQUE INDEX `index_admin_users_on_email`  ON `admin_users` (`email`) [0m
  ↳ db/migrate/20180724145203_devise_create_admin_users.rb:39
  [1m[35m (347.9ms)[0m  [1m[35mCREATE UNIQUE INDEX `index_admin_users_on_reset_password_token`  ON `admin_users` (`reset_password_token`) [0m
  ↳ db/migrate/20180724145203_devise_create_admin_users.rb:40
  [1m[35m (0.1ms)[0m  [1m[35mBEGIN[0m
  ↳ bin/rails:9
  [1m[36mActiveRecord::SchemaMigration Create (0.2ms)[0m  [1m[32mINSERT INTO `schema_migrations` (`version`) VALUES ('20180724145203')[0m
  ↳ bin/rails:9
  [1m[35m (47.5ms)[0m  [1m[35mCOMMIT[0m
  ↳ bin/rails:9
Migrating to CreateActiveAdminComments (20180724145205)
  [1m[35m (511.5ms)[0m  [1m[35mCREATE TABLE `active_admin_comments` (`id` bigint NOT NULL AUTO_INCREMENT PRIMARY KEY, `namespace` varchar(255), `body` text, `resource_type` varchar(255), `resource_id` bigint, `author_type` varchar(255), `author_id` bigint, `created_at` datetime NOT NULL, `updated_at` datetime NOT NULL,  INDEX `index_active_admin_comments_on_resource_type_and_resource_id`  (`resource_type`, `resource_id`),  INDEX `index_active_admin_comments_on_author_type_and_author_id`  (`author_type`, `author_id`))[0m
  ↳ db/migrate/20180724145205_create_active_admin_comments.rb:3
  [1m[35m (324.7ms)[0m  [1m[35mCREATE  INDEX `index_active_admin_comments_on_namespace`  ON `active_admin_comments` (`namespace`) [0m
  ↳ db/migrate/20180724145205_create_active_admin_comments.rb:10
  [1m[35m (0.2ms)[0m  [1m[35mBEGIN[0m
  ↳ bin/rails:9
  [1m[36mActiveRecord::SchemaMigration Create (0.2ms)[0m  [1m[32mINSERT INTO `schema_migrations` (`version`) VALUES ('20180724145205')[0m
  ↳ bin/rails:9
  [1m[35m (112.3ms)[0m  [1m[35mCOMMIT[0m
  ↳ bin/rails:9
  [1m[36mActiveRecord::InternalMetadata Load (0.3ms)[0m  [1m[34mSELECT  `ar_internal_metadata`.* FROM `ar_internal_metadata` WHERE `ar_internal_metadata`.`key` = 'environment' LIMIT 1[0m
  ↳ bin/rails:9
  [1m[35m (0.1ms)[0m  [1m[35mBEGIN[0m
  ↳ bin/rails:9
  [1m[36mActiveRecord::InternalMetadata Create (0.2ms)[0m  [1m[32mINSERT INTO `ar_internal_metadata` (`key`, `value`, `created_at`, `updated_at`) VALUES ('environment', 'development', '2018-07-24 14:52:31', '2018-07-24 14:52:31')[0m
  ↳ bin/rails:9
  [1m[35m (51.8ms)[0m  [1m[35mCOMMIT[0m
  ↳ bin/rails:9
  [1m[35m (0.2ms)[0m  [1m[34mSELECT RELEASE_LOCK('1216242087395950230')[0m
  ↳ bin/rails:9
  [1m[35m (0.3ms)[0m  [1m[34mSELECT `schema_migrations`.`version` FROM `schema_migrations` ORDER BY `schema_migrations`.`version` ASC[0m
  ↳ bin/rails:9
  [1m[35m (0.2ms)[0m  [1m[35mSET NAMES utf8,  @@SESSION.sql_mode = CONCAT(CONCAT(@@sql_mode, ',STRICT_ALL_TABLES'), ',NO_AUTO_VALUE_ON_ZERO'),  @@SESSION.sql_auto_is_null = 0, @@SESSION.wait_timeout = 2147483[0m
  ↳ bin/rails:9
  [1m[35m (0.2ms)[0m  [1m[34mSELECT `schema_migrations`.`version` FROM `schema_migrations` ORDER BY `schema_migrations`.`version` ASC[0m
  ↳ bin/rails:9
  [1m[35m (0.2ms)[0m  [1m[35mBEGIN[0m
  ↳ db/seeds.rb:8
  [1m[36mAdminUser Exists (0.3ms)[0m  [1m[34mSELECT  1 AS one FROM `admin_users` WHERE `admin_users`.`email` = BINARY 'admin@example.com' LIMIT 1[0m
  ↳ db/seeds.rb:8
  [1m[36mAdminUser Create (0.2ms)[0m  [1m[32mINSERT INTO `admin_users` (`email`, `encrypted_password`, `created_at`, `updated_at`) VALUES ('admin@example.com', '$2a$11$PfPSgXKVYlBVG.aXNThktem4AM5KiD1Lx2yVCc29qCx0fIcEbsTxq', '2018-07-24 14:52:47', '2018-07-24 14:52:47')[0m
  ↳ db/seeds.rb:8
  [1m[35m (44.3ms)[0m  [1m[35mCOMMIT[0m
  ↳ db/seeds.rb:8
DEPRECATION WARNING: Active Admin: The `register_stylesheet` config is deprecated and will be removed
in v2. Import your "admin/active_admin.css" stylesheet in the active_admin.scss.
 (called from block in <main> at /var/www/html/createactouc-portal/config/initializers/active_admin.rb:205)
DEPRECATION WARNING: Active Admin: The `register_javascript` config is deprecated and will be removed
in v2. Import your "admin/active_admin.js" javascript in the active_admin.js.
 (called from block in <main> at /var/www/html/createactouc-portal/config/initializers/active_admin.rb:207)
DEPRECATION WARNING: Active Admin: The `register_stylesheet` config is deprecated and will be removed
in v2. Import your "admin/active_admin.css" stylesheet in the active_admin.scss.
 (called from block in <main> at /var/www/html/createactouc-portal/config/initializers/active_admin.rb:205)
DEPRECATION WARNING: Active Admin: The `register_javascript` config is deprecated and will be removed
in v2. Import your "admin/active_admin.js" javascript in the active_admin.js.
 (called from block in <main> at /var/www/html/createactouc-portal/config/initializers/active_admin.rb:207)
DEPRECATION WARNING: Active Admin: The `register_stylesheet` config is deprecated and will be removed
in v2. Import your "admin/active_admin.css" stylesheet in the active_admin.scss.
 (called from block in <main> at /var/www/html/createactouc-portal/config/initializers/active_admin.rb:205)
DEPRECATION WARNING: Active Admin: The `register_javascript` config is deprecated and will be removed
in v2. Import your "admin/active_admin.js" javascript in the active_admin.js.
 (called from block in <main> at /var/www/html/createactouc-portal/config/initializers/active_admin.rb:207)
DEPRECATION WARNING: Active Admin: The `register_stylesheet` config is deprecated and will be removed
in v2. Import your "admin/active_admin.css" stylesheet in the active_admin.scss.
 (called from block in <main> at /var/www/html/createactouc-portal/config/initializers/active_admin.rb:205)
DEPRECATION WARNING: Active Admin: The `register_javascript` config is deprecated and will be removed
in v2. Import your "admin/active_admin.js" javascript in the active_admin.js.
 (called from block in <main> at /var/www/html/createactouc-portal/config/initializers/active_admin.rb:207)
DEPRECATION WARNING: Active Admin: The `register_stylesheet` config is deprecated and will be removed
in v2. Import your "admin/active_admin.css" stylesheet in the active_admin.scss.
 (called from block in <main> at /var/www/html/createactouc-portal/config/initializers/active_admin.rb:205)
DEPRECATION WARNING: Active Admin: The `register_javascript` config is deprecated and will be removed
in v2. Import your "admin/active_admin.js" javascript in the active_admin.js.
 (called from block in <main> at /var/www/html/createactouc-portal/config/initializers/active_admin.rb:207)
DEPRECATION WARNING: Active Admin: The `register_stylesheet` config is deprecated and will be removed
in v2. Import your "admin/active_admin.css" stylesheet in the active_admin.scss.
 (called from block in <main> at /var/www/html/createactouc-portal/config/initializers/active_admin.rb:205)
DEPRECATION WARNING: Active Admin: The `register_javascript` config is deprecated and will be removed
in v2. Import your "admin/active_admin.js" javascript in the active_admin.js.
 (called from block in <main> at /var/www/html/createactouc-portal/config/initializers/active_admin.rb:207)
DEPRECATION WARNING: Active Admin: The `register_stylesheet` config is deprecated and will be removed
in v2. Import your "admin/active_admin.css" stylesheet in the active_admin.scss.
 (called from block in <main> at /var/www/html/createactouc-portal/config/initializers/active_admin.rb:205)
DEPRECATION WARNING: Active Admin: The `register_javascript` config is deprecated and will be removed
in v2. Import your "admin/active_admin.js" javascript in the active_admin.js.
 (called from block in <main> at /var/www/html/createactouc-portal/config/initializers/active_admin.rb:207)
  [1m[35m (0.2ms)[0m  [1m[35mSET NAMES utf8,  @@SESSION.sql_mode = CONCAT(CONCAT(@@sql_mode, ',STRICT_ALL_TABLES'), ',NO_AUTO_VALUE_ON_ZERO'),  @@SESSION.sql_auto_is_null = 0, @@SESSION.wait_timeout = 2147483[0m
  ↳ bin/rails:9
  [1m[35m (0.2ms)[0m  [1m[34mSELECT `schema_migrations`.`version` FROM `schema_migrations` ORDER BY `schema_migrations`.`version` ASC[0m
  ↳ bin/rails:9
  [1m[35m (0.2ms)[0m  [1m[35mBEGIN[0m
  ↳ db/seeds.rb:8
  [1m[36mAdminUser Exists (0.3ms)[0m  [1m[34mSELECT  1 AS one FROM `admin_users` WHERE `admin_users`.`email` = BINARY 'createactouc@gmail.com' LIMIT 1[0m
  ↳ db/seeds.rb:8
  [1m[36mAdminUser Create (0.4ms)[0m  [1m[32mINSERT INTO `admin_users` (`email`, `encrypted_password`, `created_at`, `updated_at`) VALUES ('createactouc@gmail.com', '$2a$11$/44O1p33MBkQvTzmPUA8ZOsv8a9y0s00LgYcPw038Lj/bJgC.6Pim', '2018-07-24 15:41:31', '2018-07-24 15:41:31')[0m
  ↳ db/seeds.rb:8
  [1m[35m (93.7ms)[0m  [1m[35mCOMMIT[0m
  ↳ db/seeds.rb:8
  [1m[35m (0.2ms)[0m  [1m[35mBEGIN[0m
  ↳ db/seeds.rb:9
  [1m[36mAdminUser Exists (0.3ms)[0m  [1m[34mSELECT  1 AS one FROM `admin_users` WHERE `admin_users`.`email` = BINARY 'ts32worker@gmail.com' LIMIT 1[0m
  ↳ db/seeds.rb:9
  [1m[36mAdminUser Create (0.2ms)[0m  [1m[32mINSERT INTO `admin_users` (`email`, `encrypted_password`, `created_at`, `updated_at`) VALUES ('ts32worker@gmail.com', '$2a$11$/EOgeiHw.4rgj3c97fTfPeREwmT7PHNgaMumZD7cMvUsV3MwGkcQG', '2018-07-24 15:41:31', '2018-07-24 15:41:31')[0m
  ↳ db/seeds.rb:9
  [1m[35m (54.5ms)[0m  [1m[35mCOMMIT[0m
  ↳ db/seeds.rb:9
DEPRECATION WARNING: Active Admin: The `register_stylesheet` config is deprecated and will be removed
in v2. Import your "admin/active_admin.css" stylesheet in the active_admin.scss.
 (called from block in <main> at /var/www/html/createactouc-portal/config/initializers/active_admin.rb:205)
DEPRECATION WARNING: Active Admin: The `register_javascript` config is deprecated and will be removed
in v2. Import your "admin/active_admin.js" javascript in the active_admin.js.
 (called from block in <main> at /var/www/html/createactouc-portal/config/initializers/active_admin.rb:207)
DEPRECATION WARNING: Active Admin: The `register_stylesheet` config is deprecated and will be removed
in v2. Import your "admin/active_admin.css" stylesheet in the active_admin.scss.
 (called from block in <main> at /var/www/html/createactouc-portal/config/initializers/active_admin.rb:205)
DEPRECATION WARNING: Active Admin: The `register_javascript` config is deprecated and will be removed
in v2. Import your "admin/active_admin.js" javascript in the active_admin.js.
 (called from block in <main> at /var/www/html/createactouc-portal/config/initializers/active_admin.rb:207)
  [1m[35m (0.2ms)[0m  [1m[35mSET NAMES utf8,  @@SESSION.sql_mode = CONCAT(CONCAT(@@sql_mode, ',STRICT_ALL_TABLES'), ',NO_AUTO_VALUE_ON_ZERO'),  @@SESSION.sql_auto_is_null = 0, @@SESSION.wait_timeout = 2147483[0m
  ↳ bin/rails:9
  [1m[35m (0.2ms)[0m  [1m[34mSELECT `schema_migrations`.`version` FROM `schema_migrations` ORDER BY `schema_migrations`.`version` ASC[0m
  ↳ bin/rails:9
  [1m[35m (0.3ms)[0m  [1m[34mSELECT `ar_internal_metadata`.`value` FROM `ar_internal_metadata` WHERE `ar_internal_metadata`.`key` = 'environment'[0m
  ↳ bin/rails:9
  [1m[35m (0.2ms)[0m  [1m[34mSELECT `schema_migrations`.`version` FROM `schema_migrations` ORDER BY `schema_migrations`.`version` ASC[0m
  ↳ bin/rails:9
  [1m[35m (0.2ms)[0m  [1m[34mSELECT `ar_internal_metadata`.`value` FROM `ar_internal_metadata` WHERE `ar_internal_metadata`.`key` = 'environment'[0m
  ↳ bin/rails:9
  [1m[35m (0.2ms)[0m  [1m[34mSELECT `schema_migrations`.`version` FROM `schema_migrations` ORDER BY `schema_migrations`.`version` ASC[0m
  ↳ bin/rails:9
  [1m[35m (0.2ms)[0m  [1m[34mSELECT `ar_internal_metadata`.`value` FROM `ar_internal_metadata` WHERE `ar_internal_metadata`.`key` = 'environment'[0m
  ↳ bin/rails:9
  [1m[35m (0.2ms)[0m  [1m[35mSET NAMES utf8,  @@SESSION.sql_mode = CONCAT(CONCAT(@@sql_mode, ',STRICT_ALL_TABLES'), ',NO_AUTO_VALUE_ON_ZERO'),  @@SESSION.sql_auto_is_null = 0, @@SESSION.wait_timeout = 2147483[0m
  ↳ bin/rails:9
  [1m[35m (1324.9ms)[0m  [1m[35mDROP DATABASE IF EXISTS `createactouc_portal`[0m
  ↳ bin/rails:9
  [1m[35m (0.4ms)[0m  [1m[35mSET NAMES utf8,  @@SESSION.sql_mode = CONCAT(CONCAT(@@sql_mode, ',STRICT_ALL_TABLES'), ',NO_AUTO_VALUE_ON_ZERO'),  @@SESSION.sql_auto_is_null = 0, @@SESSION.wait_timeout = 2147483[0m
  ↳ bin/rails:9
  [1m[35m (0.5ms)[0m  [1m[35mCREATE DATABASE `createactouc_portal` DEFAULT CHARACTER SET `utf8`[0m
  ↳ bin/rails:9
  [1m[35m (0.4ms)[0m  [1m[35mSET NAMES utf8,  @@SESSION.sql_mode = CONCAT(CONCAT(@@sql_mode, ',STRICT_ALL_TABLES'), ',NO_AUTO_VALUE_ON_ZERO'),  @@SESSION.sql_auto_is_null = 0, @@SESSION.wait_timeout = 2147483[0m
  ↳ bin/rails:9
  [1m[35m (0.6ms)[0m  [1m[35mCREATE DATABASE `createactouc_portal` DEFAULT CHARACTER SET `utf8`[0m
  ↳ bin/rails:9
  [1m[35m (0.4ms)[0m  [1m[35mSET NAMES utf8,  @@SESSION.sql_mode = CONCAT(CONCAT(@@sql_mode, ',STRICT_ALL_TABLES'), ',NO_AUTO_VALUE_ON_ZERO'),  @@SESSION.sql_auto_is_null = 0, @@SESSION.wait_timeout = 2147483[0m
  ↳ db/schema.rb:15
  [1m[35m (0.3ms)[0m  [1m[35mDROP TABLE IF EXISTS `active_admin_comments` CASCADE[0m
  ↳ db/schema.rb:15
  [1m[35m (563.0ms)[0m  [1m[35mCREATE TABLE `active_admin_comments` (`id` bigint NOT NULL AUTO_INCREMENT PRIMARY KEY, `namespace` varchar(255), `body` text, `resource_type` varchar(255), `resource_id` bigint, `author_type` varchar(255), `author_id` bigint, `created_at` datetime NOT NULL, `updated_at` datetime NOT NULL,  INDEX `index_active_admin_comments_on_author_type_and_author_id`  (`author_type`, `author_id`),  INDEX `index_active_admin_comments_on_namespace`  (`namespace`),  INDEX `index_active_admin_comments_on_resource_type_and_resource_id`  (`resource_type`, `resource_id`)) ENGINE=InnoDB DEFAULT CHARSET=utf8[0m
  ↳ db/schema.rb:15
  [1m[35m (0.5ms)[0m  [1m[35mDROP TABLE IF EXISTS `admin_users` CASCADE[0m
  ↳ db/schema.rb:29
  [1m[35m (504.2ms)[0m  [1m[35mCREATE TABLE `admin_users` (`id` bigint NOT NULL AUTO_INCREMENT PRIMARY KEY, `email` varchar(255) DEFAULT '' NOT NULL, `encrypted_password` varchar(255) DEFAULT '' NOT NULL, `reset_password_token` varchar(255), `reset_password_sent_at` datetime, `remember_created_at` datetime, `sign_in_count` int DEFAULT 0 NOT NULL, `current_sign_in_at` datetime, `last_sign_in_at` datetime, `current_sign_in_ip` varchar(255), `last_sign_in_ip` varchar(255), `created_at` datetime NOT NULL, `updated_at` datetime NOT NULL, UNIQUE INDEX `index_admin_users_on_email`  (`email`), UNIQUE INDEX `index_admin_users_on_reset_password_token`  (`reset_password_token`)) ENGINE=InnoDB DEFAULT CHARSET=utf8[0m
  ↳ db/schema.rb:29
  [1m[35m (387.3ms)[0m  [1m[35mCREATE TABLE `schema_migrations` (`version` varchar(255) NOT NULL PRIMARY KEY)[0m
  ↳ db/schema.rb:13
  [1m[35m (0.4ms)[0m  [1m[34mSELECT `schema_migrations`.`version` FROM `schema_migrations` ORDER BY `schema_migrations`.`version` ASC[0m
  ↳ db/schema.rb:13
  [1m[35m (50.9ms)[0m  [1m[32mINSERT INTO `schema_migrations` (version) VALUES (20180724145205)[0m
  ↳ db/schema.rb:13
  [1m[35m (49.7ms)[0m  [1m[32mINSERT INTO `schema_migrations` (version) VALUES
(20180724145203);

[0m
  ↳ db/schema.rb:13
  [1m[35m (441.7ms)[0m  [1m[35mCREATE TABLE `ar_internal_metadata` (`key` varchar(255) NOT NULL PRIMARY KEY, `value` varchar(255), `created_at` datetime NOT NULL, `updated_at` datetime NOT NULL)[0m
  ↳ db/schema.rb:13
  [1m[36mActiveRecord::InternalMetadata Load (0.4ms)[0m  [1m[34mSELECT  `ar_internal_metadata`.* FROM `ar_internal_metadata` WHERE `ar_internal_metadata`.`key` = 'environment' LIMIT 1[0m
  ↳ db/schema.rb:13
  [1m[35m (0.1ms)[0m  [1m[35mBEGIN[0m
  ↳ db/schema.rb:13
  [1m[36mActiveRecord::InternalMetadata Create (0.2ms)[0m  [1m[32mINSERT INTO `ar_internal_metadata` (`key`, `value`, `created_at`, `updated_at`) VALUES ('environment', 'development', '2018-07-24 15:42:52', '2018-07-24 15:42:52')[0m
  ↳ db/schema.rb:13
  [1m[35m (52.8ms)[0m  [1m[35mCOMMIT[0m
  ↳ db/schema.rb:13
  [1m[36mActiveRecord::InternalMetadata Load (0.2ms)[0m  [1m[34mSELECT  `ar_internal_metadata`.* FROM `ar_internal_metadata` WHERE `ar_internal_metadata`.`key` = 'environment' LIMIT 1[0m
  ↳ bin/rails:9
  [1m[35m (0.1ms)[0m  [1m[35mBEGIN[0m
  ↳ bin/rails:9
  [1m[35m (0.1ms)[0m  [1m[35mCOMMIT[0m
  ↳ bin/rails:9
  [1m[35m (0.1ms)[0m  [1m[35mSET NAMES utf8,  @@SESSION.sql_mode = CONCAT(CONCAT(@@sql_mode, ',STRICT_ALL_TABLES'), ',NO_AUTO_VALUE_ON_ZERO'),  @@SESSION.sql_auto_is_null = 0, @@SESSION.wait_timeout = 2147483[0m
  ↳ db/schema.rb:15
  [1m[35m (204.9ms)[0m  [1m[35mDROP TABLE IF EXISTS `active_admin_comments` CASCADE[0m
  ↳ db/schema.rb:15
  [1m[35m (617.0ms)[0m  [1m[35mCREATE TABLE `active_admin_comments` (`id` bigint NOT NULL AUTO_INCREMENT PRIMARY KEY, `namespace` varchar(255), `body` text, `resource_type` varchar(255), `resource_id` bigint, `author_type` varchar(255), `author_id` bigint, `created_at` datetime NOT NULL, `updated_at` datetime NOT NULL,  INDEX `index_active_admin_comments_on_author_type_and_author_id`  (`author_type`, `author_id`),  INDEX `index_active_admin_comments_on_namespace`  (`namespace`),  INDEX `index_active_admin_comments_on_resource_type_and_resource_id`  (`resource_type`, `resource_id`)) ENGINE=InnoDB DEFAULT CHARSET=utf8[0m
  ↳ db/schema.rb:15
  [1m[35m (199.9ms)[0m  [1m[35mDROP TABLE IF EXISTS `admin_users` CASCADE[0m
  ↳ db/schema.rb:29
  [1m[35m (476.1ms)[0m  [1m[35mCREATE TABLE `admin_users` (`id` bigint NOT NULL AUTO_INCREMENT PRIMARY KEY, `email` varchar(255) DEFAULT '' NOT NULL, `encrypted_password` varchar(255) DEFAULT '' NOT NULL, `reset_password_token` varchar(255), `reset_password_sent_at` datetime, `remember_created_at` datetime, `sign_in_count` int DEFAULT 0 NOT NULL, `current_sign_in_at` datetime, `last_sign_in_at` datetime, `current_sign_in_ip` varchar(255), `last_sign_in_ip` varchar(255), `created_at` datetime NOT NULL, `updated_at` datetime NOT NULL, UNIQUE INDEX `index_admin_users_on_email`  (`email`), UNIQUE INDEX `index_admin_users_on_reset_password_token`  (`reset_password_token`)) ENGINE=InnoDB DEFAULT CHARSET=utf8[0m
  ↳ db/schema.rb:29
  [1m[35m (0.5ms)[0m  [1m[34mSELECT `schema_migrations`.`version` FROM `schema_migrations` ORDER BY `schema_migrations`.`version` ASC[0m
  ↳ db/schema.rb:13
  [1m[36mActiveRecord::InternalMetadata Load (0.5ms)[0m  [1m[34mSELECT  `ar_internal_metadata`.* FROM `ar_internal_metadata` WHERE `ar_internal_metadata`.`key` = 'environment' LIMIT 1[0m
  ↳ db/schema.rb:13
  [1m[35m (0.2ms)[0m  [1m[35mBEGIN[0m
  ↳ db/schema.rb:13
  [1m[35m (0.3ms)[0m  [1m[35mCOMMIT[0m
  ↳ db/schema.rb:13
  [1m[36mActiveRecord::InternalMetadata Load (0.6ms)[0m  [1m[34mSELECT  `ar_internal_metadata`.* FROM `ar_internal_metadata` WHERE `ar_internal_metadata`.`key` = 'environment' LIMIT 1[0m
  ↳ bin/rails:9
  [1m[35m (0.3ms)[0m  [1m[35mBEGIN[0m
  ↳ bin/rails:9
  [1m[36mActiveRecord::InternalMetadata Update (0.4ms)[0m  [1m[33mUPDATE `ar_internal_metadata` SET `value` = 'test', `updated_at` = '2018-07-24 15:42:53' WHERE `ar_internal_metadata`.`key` = 'environment'[0m
  ↳ bin/rails:9
  [1m[35m (51.6ms)[0m  [1m[35mCOMMIT[0m
  ↳ bin/rails:9
  [1m[35m (0.3ms)[0m  [1m[35mSET NAMES utf8,  @@SESSION.sql_mode = CONCAT(CONCAT(@@sql_mode, ',STRICT_ALL_TABLES'), ',NO_AUTO_VALUE_ON_ZERO'),  @@SESSION.sql_auto_is_null = 0, @@SESSION.wait_timeout = 2147483[0m
  ↳ bin/rails:9
  [1m[35m (0.3ms)[0m  [1m[34mSELECT `schema_migrations`.`version` FROM `schema_migrations` ORDER BY `schema_migrations`.`version` ASC[0m
  ↳ bin/rails:9
  [1m[35m (0.2ms)[0m  [1m[35mBEGIN[0m
  ↳ db/seeds.rb:8
  [1m[36mAdminUser Exists (0.3ms)[0m  [1m[34mSELECT  1 AS one FROM `admin_users` WHERE `admin_users`.`email` = BINARY 'createactouc@gmail.com' LIMIT 1[0m
  ↳ db/seeds.rb:8
  [1m[36mAdminUser Create (0.2ms)[0m  [1m[32mINSERT INTO `admin_users` (`email`, `encrypted_password`, `created_at`, `updated_at`) VALUES ('createactouc@gmail.com', '$2a$11$wH80TwBYyxfUXAjxWPWlduf234tMIEZTS0AgtmNzZTwF1AOddVyby', '2018-07-24 15:42:53', '2018-07-24 15:42:53')[0m
  ↳ db/seeds.rb:8
  [1m[35m (52.0ms)[0m  [1m[35mCOMMIT[0m
  ↳ db/seeds.rb:8
  [1m[35m (0.1ms)[0m  [1m[35mBEGIN[0m
  ↳ db/seeds.rb:9
  [1m[36mAdminUser Exists (0.3ms)[0m  [1m[34mSELECT  1 AS one FROM `admin_users` WHERE `admin_users`.`email` = BINARY 'ts32worker@gmail.com' LIMIT 1[0m
  ↳ db/seeds.rb:9
  [1m[36mAdminUser Create (0.3ms)[0m  [1m[32mINSERT INTO `admin_users` (`email`, `encrypted_password`, `created_at`, `updated_at`) VALUES ('ts32worker@gmail.com', '$2a$11$SZlpiTEA5BogNzlOGgefauyJ6DUw45xLs.RUzQaVn94XoL7Tw.g0G', '2018-07-24 15:42:53', '2018-07-24 15:42:53')[0m
  ↳ db/seeds.rb:9
  [1m[35m (102.5ms)[0m  [1m[35mCOMMIT[0m
  ↳ db/seeds.rb:9
DEPRECATION WARNING: Active Admin: The `register_stylesheet` config is deprecated and will be removed
in v2. Import your "admin/active_admin.css" stylesheet in the active_admin.scss.
 (called from block in <main> at /var/www/html/createactouc-portal/config/initializers/active_admin.rb:205)
DEPRECATION WARNING: Active Admin: The `register_javascript` config is deprecated and will be removed
in v2. Import your "admin/active_admin.js" javascript in the active_admin.js.
 (called from block in <main> at /var/www/html/createactouc-portal/config/initializers/active_admin.rb:207)
  [1m[35m (0.3ms)[0m  [1m[35mSET NAMES utf8,  @@SESSION.sql_mode = CONCAT(CONCAT(@@sql_mode, ',STRICT_ALL_TABLES'), ',NO_AUTO_VALUE_ON_ZERO'),  @@SESSION.sql_auto_is_null = 0, @@SESSION.wait_timeout = 2147483[0m
  ↳ bin/rails:9
  [1m[35m (0.2ms)[0m  [1m[34mSELECT `schema_migrations`.`version` FROM `schema_migrations` ORDER BY `schema_migrations`.`version` ASC[0m
  ↳ bin/rails:9
  [1m[35m (0.2ms)[0m  [1m[35mBEGIN[0m
  ↳ db/seeds.rb:8
  [1m[36mAdminUser Exists (0.3ms)[0m  [1m[34mSELECT  1 AS one FROM `admin_users` WHERE `admin_users`.`email` = BINARY 'createactouc@gmail.com' LIMIT 1[0m
  ↳ db/seeds.rb:8
  [1m[35m (0.1ms)[0m  [1m[31mROLLBACK[0m
  ↳ db/seeds.rb:8
DEPRECATION WARNING: Active Admin: The `register_stylesheet` config is deprecated and will be removed
in v2. Import your "admin/active_admin.css" stylesheet in the active_admin.scss.
 (called from block in <main> at /var/www/html/createactouc-portal/config/initializers/active_admin.rb:205)
DEPRECATION WARNING: Active Admin: The `register_javascript` config is deprecated and will be removed
in v2. Import your "admin/active_admin.js" javascript in the active_admin.js.
 (called from block in <main> at /var/www/html/createactouc-portal/config/initializers/active_admin.rb:207)
DEPRECATION WARNING: Active Admin: The `register_stylesheet` config is deprecated and will be removed
in v2. Import your "admin/active_admin.css" stylesheet in the active_admin.scss.
 (called from block in <main> at /var/www/html/createactouc-portal/config/initializers/active_admin.rb:205)
DEPRECATION WARNING: Active Admin: The `register_javascript` config is deprecated and will be removed
in v2. Import your "admin/active_admin.js" javascript in the active_admin.js.
 (called from block in <main> at /var/www/html/createactouc-portal/config/initializers/active_admin.rb:207)
  [1m[35m (0.2ms)[0m  [1m[35mSET NAMES utf8,  @@SESSION.sql_mode = CONCAT(CONCAT(@@sql_mode, ',STRICT_ALL_TABLES'), ',NO_AUTO_VALUE_ON_ZERO'),  @@SESSION.sql_auto_is_null = 0, @@SESSION.wait_timeout = 2147483[0m
  ↳ bin/rails:9
  [1m[35m (0.2ms)[0m  [1m[34mSELECT GET_LOCK('1216242087395950230', 0)[0m
  ↳ bin/rails:9
  [1m[35m (0.2ms)[0m  [1m[34mSELECT `schema_migrations`.`version` FROM `schema_migrations` ORDER BY `schema_migrations`.`version` ASC[0m
  ↳ bin/rails:9
Migrating to CreateMembers (20180724154715)
  [1m[35m (0.2ms)[0m  [1m[34mSELECT RELEASE_LOCK('1216242087395950230')[0m
  ↳ bin/rails:9
DEPRECATION WARNING: Active Admin: The `register_stylesheet` config is deprecated and will be removed
in v2. Import your "admin/active_admin.css" stylesheet in the active_admin.scss.
 (called from block in <main> at /var/www/html/createactouc-portal/config/initializers/active_admin.rb:205)
DEPRECATION WARNING: Active Admin: The `register_javascript` config is deprecated and will be removed
in v2. Import your "admin/active_admin.js" javascript in the active_admin.js.
 (called from block in <main> at /var/www/html/createactouc-portal/config/initializers/active_admin.rb:207)
  [1m[35m (0.2ms)[0m  [1m[35mSET NAMES utf8,  @@SESSION.sql_mode = CONCAT(CONCAT(@@sql_mode, ',STRICT_ALL_TABLES'), ',NO_AUTO_VALUE_ON_ZERO'),  @@SESSION.sql_auto_is_null = 0, @@SESSION.wait_timeout = 2147483[0m
  ↳ /usr/local/bin/rake:23
  [1m[35m (0.1ms)[0m  [1m[34mSELECT GET_LOCK('1216242087395950230', 0)[0m
  ↳ /usr/local/bin/rake:23
  [1m[35m (0.1ms)[0m  [1m[34mSELECT `schema_migrations`.`version` FROM `schema_migrations` ORDER BY `schema_migrations`.`version` ASC[0m
  ↳ /usr/local/bin/rake:23
Migrating to CreateMembers (20180724154715)
  [1m[35m (0.1ms)[0m  [1m[34mSELECT RELEASE_LOCK('1216242087395950230')[0m
  ↳ /usr/local/bin/rake:23
DEPRECATION WARNING: Active Admin: The `register_stylesheet` config is deprecated and will be removed
in v2. Import your "admin/active_admin.css" stylesheet in the active_admin.scss.
 (called from block in <main> at /var/www/html/createactouc-portal/config/initializers/active_admin.rb:205)
DEPRECATION WARNING: Active Admin: The `register_javascript` config is deprecated and will be removed
in v2. Import your "admin/active_admin.js" javascript in the active_admin.js.
 (called from block in <main> at /var/www/html/createactouc-portal/config/initializers/active_admin.rb:207)
  [1m[35m (0.2ms)[0m  [1m[35mSET NAMES utf8,  @@SESSION.sql_mode = CONCAT(CONCAT(@@sql_mode, ',STRICT_ALL_TABLES'), ',NO_AUTO_VALUE_ON_ZERO'),  @@SESSION.sql_auto_is_null = 0, @@SESSION.wait_timeout = 2147483[0m
  ↳ /usr/local/bin/rake:23
  [1m[35m (0.1ms)[0m  [1m[34mSELECT GET_LOCK('1216242087395950230', 0)[0m
  ↳ /usr/local/bin/rake:23
  [1m[35m (0.2ms)[0m  [1m[34mSELECT `schema_migrations`.`version` FROM `schema_migrations` ORDER BY `schema_migrations`.`version` ASC[0m
  ↳ /usr/local/bin/rake:23
Migrating to CreateMembers (20180724154715)
  [1m[35m (490.6ms)[0m  [1m[35mCREATE TABLE `members` (`id` bigint NOT NULL AUTO_INCREMENT PRIMARY KEY, `name` varchar(255), `kana` varchar(255), `line_name` varchar(255), `student_number` int, `skill` text, `description` text, `created_at` datetime NOT NULL, `updated_at` datetime NOT NULL)[0m
  ↳ db/migrate/20180724154715_create_members.rb:3
  [1m[35m (0.3ms)[0m  [1m[35mBEGIN[0m
  ↳ /usr/local/bin/rake:23
  [1m[36mActiveRecord::SchemaMigration Create (0.4ms)[0m  [1m[32mINSERT INTO `schema_migrations` (`version`) VALUES ('20180724154715')[0m
  ↳ /usr/local/bin/rake:23
  [1m[35m (53.7ms)[0m  [1m[35mCOMMIT[0m
  ↳ /usr/local/bin/rake:23
Migrating to CreateGroups (20180724154736)
  [1m[35m (405.2ms)[0m  [1m[35mCREATE TABLE `groups` (`id` bigint NOT NULL AUTO_INCREMENT PRIMARY KEY, `name` varchar(255), `description` text, `created_at` datetime NOT NULL, `updated_at` datetime NOT NULL)[0m
  ↳ db/migrate/20180724154736_create_groups.rb:3
  [1m[35m (0.3ms)[0m  [1m[35mBEGIN[0m
  ↳ /usr/local/bin/rake:23
  [1m[36mActiveRecord::SchemaMigration Create (0.8ms)[0m  [1m[32mINSERT INTO `schema_migrations` (`version`) VALUES ('20180724154736')[0m
  ↳ /usr/local/bin/rake:23
  [1m[35m (94.7ms)[0m  [1m[35mCOMMIT[0m
  ↳ /usr/local/bin/rake:23
Migrating to CreateDayOfWeeks (20180724154835)
  [1m[35m (0.2ms)[0m  [1m[34mSELECT RELEASE_LOCK('1216242087395950230')[0m
  ↳ /usr/local/bin/rake:23
DEPRECATION WARNING: Active Admin: The `register_stylesheet` config is deprecated and will be removed
in v2. Import your "admin/active_admin.css" stylesheet in the active_admin.scss.
 (called from block in <main> at /var/www/html/createactouc-portal/config/initializers/active_admin.rb:205)
DEPRECATION WARNING: Active Admin: The `register_javascript` config is deprecated and will be removed
in v2. Import your "admin/active_admin.js" javascript in the active_admin.js.
 (called from block in <main> at /var/www/html/createactouc-portal/config/initializers/active_admin.rb:207)
  [1m[35m (0.2ms)[0m  [1m[35mSET NAMES utf8,  @@SESSION.sql_mode = CONCAT(CONCAT(@@sql_mode, ',STRICT_ALL_TABLES'), ',NO_AUTO_VALUE_ON_ZERO'),  @@SESSION.sql_auto_is_null = 0, @@SESSION.wait_timeout = 2147483[0m
  ↳ /usr/local/bin/rake:23
  [1m[35m (0.1ms)[0m  [1m[34mSELECT GET_LOCK('1216242087395950230', 0)[0m
  ↳ /usr/local/bin/rake:23
  [1m[35m (0.2ms)[0m  [1m[34mSELECT `schema_migrations`.`version` FROM `schema_migrations` ORDER BY `schema_migrations`.`version` ASC[0m
  ↳ /usr/local/bin/rake:23
Migrating to CreateDayOfWeeks (20180724154835)
  [1m[35m (409.2ms)[0m  [1m[35mCREATE TABLE `day_of_weeks` (`id` bigint NOT NULL AUTO_INCREMENT PRIMARY KEY, `name` varchar(255), `order` int, `created_at` datetime NOT NULL, `updated_at` datetime NOT NULL)[0m
  ↳ db/migrate/20180724154835_create_day_of_weeks.rb:3
  [1m[35m (0.3ms)[0m  [1m[35mBEGIN[0m
  ↳ /usr/local/bin/rake:23
  [1m[36mActiveRecord::SchemaMigration Create (0.4ms)[0m  [1m[32mINSERT INTO `schema_migrations` (`version`) VALUES ('20180724154835')[0m
  ↳ /usr/local/bin/rake:23
  [1m[35m (56.0ms)[0m  [1m[35mCOMMIT[0m
  ↳ /usr/local/bin/rake:23
Migrating to CreateBlockTimes (20180724154852)
  [1m[35m (503.9ms)[0m  [1m[35mCREATE TABLE `block_times` (`id` bigint NOT NULL AUTO_INCREMENT PRIMARY KEY, `name` varchar(255), `order` int, `created_at` datetime NOT NULL, `updated_at` datetime NOT NULL)[0m
  ↳ db/migrate/20180724154852_create_block_times.rb:3
  [1m[35m (0.4ms)[0m  [1m[35mBEGIN[0m
  ↳ /usr/local/bin/rake:23
  [1m[36mActiveRecord::SchemaMigration Create (1.0ms)[0m  [1m[32mINSERT INTO `schema_migrations` (`version`) VALUES ('20180724154852')[0m
  ↳ /usr/local/bin/rake:23
  [1m[35m (102.0ms)[0m  [1m[35mCOMMIT[0m
  ↳ /usr/local/bin/rake:23
Migrating to CreateGroupMembers (20180724155011)
  [1m[35m (536.9ms)[0m  [1m[35mCREATE TABLE `group_members` (`id` bigint NOT NULL AUTO_INCREMENT PRIMARY KEY, `member_id_id` bigint, `group_id_id` bigint, `created_at` datetime NOT NULL, `updated_at` datetime NOT NULL,  INDEX `index_group_members_on_member_id_id`  (`member_id_id`),  INDEX `index_group_members_on_group_id_id`  (`group_id_id`), CONSTRAINT `fk_rails_56a8aeb3c0`
FOREIGN KEY (`member_id_id`)
  REFERENCES `member_ids` (`id`)
, CONSTRAINT `fk_rails_115e83eab4`
FOREIGN KEY (`group_id_id`)
  REFERENCES `group_ids` (`id`)
)[0m
  ↳ db/migrate/20180724155011_create_group_members.rb:3
  [1m[35m (0.4ms)[0m  [1m[34mSELECT RELEASE_LOCK('1216242087395950230')[0m
  ↳ /usr/local/bin/rake:23
DEPRECATION WARNING: Active Admin: The `register_stylesheet` config is deprecated and will be removed
in v2. Import your "admin/active_admin.css" stylesheet in the active_admin.scss.
 (called from block in <main> at /var/www/html/createactouc-portal/config/initializers/active_admin.rb:205)
DEPRECATION WARNING: Active Admin: The `register_javascript` config is deprecated and will be removed
in v2. Import your "admin/active_admin.js" javascript in the active_admin.js.
 (called from block in <main> at /var/www/html/createactouc-portal/config/initializers/active_admin.rb:207)
  [1m[35m (0.2ms)[0m  [1m[35mSET NAMES utf8,  @@SESSION.sql_mode = CONCAT(CONCAT(@@sql_mode, ',STRICT_ALL_TABLES'), ',NO_AUTO_VALUE_ON_ZERO'),  @@SESSION.sql_auto_is_null = 0, @@SESSION.wait_timeout = 2147483[0m
  ↳ /usr/local/bin/rake:23
  [1m[35m (0.1ms)[0m  [1m[34mSELECT GET_LOCK('1216242087395950230', 0)[0m
  ↳ /usr/local/bin/rake:23
  [1m[35m (0.2ms)[0m  [1m[34mSELECT `schema_migrations`.`version` FROM `schema_migrations` ORDER BY `schema_migrations`.`version` ASC[0m
  ↳ /usr/local/bin/rake:23
Migrating to CreateGroupMembers (20180724155011)
  [1m[35m (455.8ms)[0m  [1m[35mCREATE TABLE `group_members` (`id` bigint NOT NULL AUTO_INCREMENT PRIMARY KEY, `member_id_id` bigint NOT NULL, `group_id_id` bigint NOT NULL, `created_at` datetime NOT NULL, `updated_at` datetime NOT NULL,  INDEX `index_group_members_on_member_id_id`  (`member_id_id`),  INDEX `index_group_members_on_group_id_id`  (`group_id_id`), CONSTRAINT `fk_rails_56a8aeb3c0`
FOREIGN KEY (`member_id_id`)
  REFERENCES `member_ids` (`id`)
, CONSTRAINT `fk_rails_115e83eab4`
FOREIGN KEY (`group_id_id`)
  REFERENCES `group_ids` (`id`)
)[0m
  ↳ db/migrate/20180724155011_create_group_members.rb:3
  [1m[35m (0.3ms)[0m  [1m[34mSELECT RELEASE_LOCK('1216242087395950230')[0m
  ↳ /usr/local/bin/rake:23
DEPRECATION WARNING: Active Admin: The `register_stylesheet` config is deprecated and will be removed
in v2. Import your "admin/active_admin.css" stylesheet in the active_admin.scss.
 (called from block in <main> at /var/www/html/createactouc-portal/config/initializers/active_admin.rb:205)
DEPRECATION WARNING: Active Admin: The `register_javascript` config is deprecated and will be removed
in v2. Import your "admin/active_admin.js" javascript in the active_admin.js.
 (called from block in <main> at /var/www/html/createactouc-portal/config/initializers/active_admin.rb:207)
  [1m[35m (0.2ms)[0m  [1m[35mSET NAMES utf8,  @@SESSION.sql_mode = CONCAT(CONCAT(@@sql_mode, ',STRICT_ALL_TABLES'), ',NO_AUTO_VALUE_ON_ZERO'),  @@SESSION.sql_auto_is_null = 0, @@SESSION.wait_timeout = 2147483[0m
  ↳ /usr/local/bin/rake:23
  [1m[35m (0.1ms)[0m  [1m[34mSELECT GET_LOCK('1216242087395950230', 0)[0m
  ↳ /usr/local/bin/rake:23
  [1m[35m (0.1ms)[0m  [1m[34mSELECT `schema_migrations`.`version` FROM `schema_migrations` ORDER BY `schema_migrations`.`version` ASC[0m
  ↳ /usr/local/bin/rake:23
Migrating to CreateGroupMembers (20180724155011)
  [1m[35m (384.5ms)[0m  [1m[35mCREATE TABLE `group_members` (`id` bigint NOT NULL AUTO_INCREMENT PRIMARY KEY, `member_id` int NOT NULL, `group_id` int NOT NULL, `created_at` datetime NOT NULL, `updated_at` datetime NOT NULL)[0m
  ↳ db/migrate/20180724155011_create_group_members.rb:3
  [1m[35m (0.4ms)[0m  [1m[35mBEGIN[0m
  ↳ /usr/local/bin/rake:23
  [1m[36mActiveRecord::SchemaMigration Create (0.6ms)[0m  [1m[32mINSERT INTO `schema_migrations` (`version`) VALUES ('20180724155011')[0m
  ↳ /usr/local/bin/rake:23
  [1m[35m (53.1ms)[0m  [1m[35mCOMMIT[0m
  ↳ /usr/local/bin/rake:23
Migrating to CreateMemberIdles (20180724155045)
  [1m[35m (426.4ms)[0m  [1m[35mCREATE TABLE `member_idles` (`id` bigint NOT NULL AUTO_INCREMENT PRIMARY KEY, `member_id` int NOT NULL, `day_of_week_id` int NOT NULL, `block_time_id` int NOT NULL, `created_at` datetime NOT NULL, `updated_at` datetime NOT NULL)[0m
  ↳ db/migrate/20180724155045_create_member_idles.rb:3
  [1m[35m (0.3ms)[0m  [1m[35mBEGIN[0m
  ↳ /usr/local/bin/rake:23
  [1m[36mActiveRecord::SchemaMigration Create (0.9ms)[0m  [1m[32mINSERT INTO `schema_migrations` (`version`) VALUES ('20180724155045')[0m
  ↳ /usr/local/bin/rake:23
  [1m[35m (104.0ms)[0m  [1m[35mCOMMIT[0m
  ↳ /usr/local/bin/rake:23
  [1m[36mActiveRecord::InternalMetadata Load (0.3ms)[0m  [1m[34mSELECT  `ar_internal_metadata`.* FROM `ar_internal_metadata` WHERE `ar_internal_metadata`.`key` = 'environment' LIMIT 1[0m
  ↳ /usr/local/bin/rake:23
  [1m[35m (0.2ms)[0m  [1m[35mBEGIN[0m
  ↳ /usr/local/bin/rake:23
  [1m[36mActiveRecord::InternalMetadata Update (0.3ms)[0m  [1m[33mUPDATE `ar_internal_metadata` SET `value` = 'development', `updated_at` = '2018-07-24 16:03:41' WHERE `ar_internal_metadata`.`key` = 'environment'[0m
  ↳ /usr/local/bin/rake:23
  [1m[35m (52.3ms)[0m  [1m[35mCOMMIT[0m
  ↳ /usr/local/bin/rake:23
  [1m[35m (0.2ms)[0m  [1m[34mSELECT RELEASE_LOCK('1216242087395950230')[0m
  ↳ /usr/local/bin/rake:23
  [1m[35m (0.2ms)[0m  [1m[34mSELECT `schema_migrations`.`version` FROM `schema_migrations` ORDER BY `schema_migrations`.`version` ASC[0m
  ↳ /usr/local/bin/rake:23
DEPRECATION WARNING: Active Admin: The `register_stylesheet` config is deprecated and will be removed
in v2. Import your "admin/active_admin.css" stylesheet in the active_admin.scss.
 (called from block in <main> at /var/www/html/createactouc-portal/config/initializers/active_admin.rb:205)
DEPRECATION WARNING: Active Admin: The `register_javascript` config is deprecated and will be removed
in v2. Import your "admin/active_admin.js" javascript in the active_admin.js.
 (called from block in <main> at /var/www/html/createactouc-portal/config/initializers/active_admin.rb:207)
DEPRECATION WARNING: Active Admin: The `register_stylesheet` config is deprecated and will be removed
in v2. Import your "admin/active_admin.css" stylesheet in the active_admin.scss.
 (called from block in <main> at /var/www/html/createactouc-portal/config/initializers/active_admin.rb:205)
DEPRECATION WARNING: Active Admin: The `register_javascript` config is deprecated and will be removed
in v2. Import your "admin/active_admin.js" javascript in the active_admin.js.
 (called from block in <main> at /var/www/html/createactouc-portal/config/initializers/active_admin.rb:207)
DEPRECATION WARNING: Active Admin: The `register_stylesheet` config is deprecated and will be removed
in v2. Import your "admin/active_admin.css" stylesheet in the active_admin.scss.
 (called from block in <main> at /var/www/html/createactouc-portal/config/initializers/active_admin.rb:205)
DEPRECATION WARNING: Active Admin: The `register_javascript` config is deprecated and will be removed
in v2. Import your "admin/active_admin.js" javascript in the active_admin.js.
 (called from block in <main> at /var/www/html/createactouc-portal/config/initializers/active_admin.rb:207)
DEPRECATION WARNING: Active Admin: The `register_stylesheet` config is deprecated and will be removed
in v2. Import your "admin/active_admin.css" stylesheet in the active_admin.scss.
 (called from block in <main> at /var/www/html/createactouc-portal/config/initializers/active_admin.rb:207)
DEPRECATION WARNING: Active Admin: The `register_javascript` config is deprecated and will be removed
in v2. Import your "admin/active_admin.js" javascript in the active_admin.js.
 (called from block in <main> at /var/www/html/createactouc-portal/config/initializers/active_admin.rb:209)
DEPRECATION WARNING: Active Admin: The `register_stylesheet` config is deprecated and will be removed
in v2. Import your "admin/active_admin.css" stylesheet in the active_admin.scss.
 (called from block in <main> at /var/www/html/createactouc-portal/config/initializers/active_admin.rb:207)
DEPRECATION WARNING: Active Admin: The `register_javascript` config is deprecated and will be removed
in v2. Import your "admin/active_admin.js" javascript in the active_admin.js.
 (called from block in <main> at /var/www/html/createactouc-portal/config/initializers/active_admin.rb:209)
DEPRECATION WARNING: Active Admin: The `register_stylesheet` config is deprecated and will be removed
in v2. Import your "admin/active_admin.css" stylesheet in the active_admin.scss.
 (called from block in <main> at /var/www/html/createactouc-portal/config/initializers/active_admin.rb:207)
DEPRECATION WARNING: Active Admin: The `register_javascript` config is deprecated and will be removed
in v2. Import your "admin/active_admin.js" javascript in the active_admin.js.
 (called from block in <main> at /var/www/html/createactouc-portal/config/initializers/active_admin.rb:209)
DEPRECATION WARNING: Active Admin: The `register_stylesheet` config is deprecated and will be removed
in v2. Import your "admin/active_admin.css" stylesheet in the active_admin.scss.
 (called from block in <main> at /var/www/html/createactouc-portal/config/initializers/active_admin.rb:207)
DEPRECATION WARNING: Active Admin: The `register_javascript` config is deprecated and will be removed
in v2. Import your "admin/active_admin.js" javascript in the active_admin.js.
 (called from block in <main> at /var/www/html/createactouc-portal/config/initializers/active_admin.rb:209)
  [1m[35m (0.2ms)[0m  [1m[35mSET NAMES utf8,  @@SESSION.sql_mode = CONCAT(CONCAT(@@sql_mode, ',STRICT_ALL_TABLES'), ',NO_AUTO_VALUE_ON_ZERO'),  @@SESSION.sql_auto_is_null = 0, @@SESSION.wait_timeout = 2147483[0m
  ↳ bin/rails:9
  [1m[35m (0.1ms)[0m  [1m[34mSELECT GET_LOCK('1216242087395950230', 0)[0m
  ↳ bin/rails:9
  [1m[35m (0.2ms)[0m  [1m[34mSELECT `schema_migrations`.`version` FROM `schema_migrations` ORDER BY `schema_migrations`.`version` ASC[0m
  ↳ bin/rails:9
  [1m[36mActiveRecord::InternalMetadata Load (0.2ms)[0m  [1m[34mSELECT  `ar_internal_metadata`.* FROM `ar_internal_metadata` WHERE `ar_internal_metadata`.`key` = 'environment' LIMIT 1[0m
  ↳ bin/rails:9
  [1m[35m (0.2ms)[0m  [1m[35mBEGIN[0m
  ↳ bin/rails:9
  [1m[35m (0.1ms)[0m  [1m[35mCOMMIT[0m
  ↳ bin/rails:9
  [1m[35m (0.2ms)[0m  [1m[34mSELECT RELEASE_LOCK('1216242087395950230')[0m
  ↳ bin/rails:9
  [1m[35m (0.2ms)[0m  [1m[34mSELECT `schema_migrations`.`version` FROM `schema_migrations` ORDER BY `schema_migrations`.`version` ASC[0m
  ↳ bin/rails:9
DEPRECATION WARNING: Active Admin: The `register_stylesheet` config is deprecated and will be removed
in v2. Import your "admin/active_admin.css" stylesheet in the active_admin.scss.
 (called from block in <main> at /var/www/html/createactouc-portal/config/initializers/active_admin.rb:204)
DEPRECATION WARNING: Active Admin: The `register_javascript` config is deprecated and will be removed
in v2. Import your "admin/active_admin.js" javascript in the active_admin.js.
 (called from block in <main> at /var/www/html/createactouc-portal/config/initializers/active_admin.rb:207)
DEPRECATION WARNING: Active Admin: The `register_stylesheet` config is deprecated and will be removed
in v2. Import your "admin/active_admin.css" stylesheet in the active_admin.scss.
 (called from block in <main> at /var/www/html/createactouc-portal/config/initializers/active_admin.rb:204)
DEPRECATION WARNING: Active Admin: The `register_javascript` config is deprecated and will be removed
in v2. Import your "admin/active_admin.js" javascript in the active_admin.js.
 (called from block in <main> at /var/www/html/createactouc-portal/config/initializers/active_admin.rb:207)
DEPRECATION WARNING: Active Admin: The `register_stylesheet` config is deprecated and will be removed
in v2. Import your "admin/active_admin.css" stylesheet in the active_admin.scss.
 (called from block in <main> at /var/www/html/createactouc-portal/config/initializers/active_admin.rb:204)
DEPRECATION WARNING: Active Admin: The `register_javascript` config is deprecated and will be removed
in v2. Import your "admin/active_admin.js" javascript in the active_admin.js.
 (called from block in <main> at /var/www/html/createactouc-portal/config/initializers/active_admin.rb:207)
DEPRECATION WARNING: Active Admin: The `register_stylesheet` config is deprecated and will be removed
in v2. Import your "admin/active_admin.css" stylesheet in the active_admin.scss.
 (called from block in <main> at /var/www/html/createactouc-portal/config/initializers/active_admin.rb:204)
DEPRECATION WARNING: Active Admin: The `register_javascript` config is deprecated and will be removed
in v2. Import your "admin/active_admin.js" javascript in the active_admin.js.
 (called from block in <main> at /var/www/html/createactouc-portal/config/initializers/active_admin.rb:207)
DEPRECATION WARNING: Active Admin: The `register_stylesheet` config is deprecated and will be removed
in v2. Import your "admin/active_admin.css" stylesheet in the active_admin.scss.
 (called from block in <main> at /var/www/html/createactouc-portal/config/initializers/active_admin.rb:204)
DEPRECATION WARNING: Active Admin: The `register_javascript` config is deprecated and will be removed
in v2. Import your "admin/active_admin.js" javascript in the active_admin.js.
 (called from block in <main> at /var/www/html/createactouc-portal/config/initializers/active_admin.rb:207)
DEPRECATION WARNING: Active Admin: The `register_stylesheet` config is deprecated and will be removed
in v2. Import your "admin/active_admin.css" stylesheet in the active_admin.scss.
 (called from block in <main> at /var/www/html/createactouc-portal/config/initializers/active_admin.rb:204)
DEPRECATION WARNING: Active Admin: The `register_javascript` config is deprecated and will be removed
in v2. Import your "admin/active_admin.js" javascript in the active_admin.js.
 (called from block in <main> at /var/www/html/createactouc-portal/config/initializers/active_admin.rb:207)
DEPRECATION WARNING: Active Admin: The `register_stylesheet` config is deprecated and will be removed
in v2. Import your "admin/active_admin.css" stylesheet in the active_admin.scss.
 (called from block in <main> at /var/www/html/createactouc-portal/config/initializers/active_admin.rb:204)
DEPRECATION WARNING: Active Admin: The `register_javascript` config is deprecated and will be removed
in v2. Import your "admin/active_admin.js" javascript in the active_admin.js.
 (called from block in <main> at /var/www/html/createactouc-portal/config/initializers/active_admin.rb:207)
DEPRECATION WARNING: Active Admin: The `register_stylesheet` config is deprecated and will be removed
in v2. Import your "admin/active_admin.css" stylesheet in the active_admin.scss.
 (called from block in <main> at /var/www/html/createactouc-portal/config/initializers/active_admin.rb:204)
DEPRECATION WARNING: Active Admin: The `register_javascript` config is deprecated and will be removed
in v2. Import your "admin/active_admin.js" javascript in the active_admin.js.
 (called from block in <main> at /var/www/html/createactouc-portal/config/initializers/active_admin.rb:207)
DEPRECATION WARNING: Active Admin: The `register_stylesheet` config is deprecated and will be removed
in v2. Import your "admin/active_admin.css" stylesheet in the active_admin.scss.
 (called from block in <main> at /var/www/html/createactouc-portal/config/initializers/active_admin.rb:204)
DEPRECATION WARNING: Active Admin: The `register_javascript` config is deprecated and will be removed
in v2. Import your "admin/active_admin.js" javascript in the active_admin.js.
 (called from block in <main> at /var/www/html/createactouc-portal/config/initializers/active_admin.rb:207)
DEPRECATION WARNING: Active Admin: The `register_stylesheet` config is deprecated and will be removed
in v2. Import your "admin/active_admin.css" stylesheet in the active_admin.scss.
 (called from block in <main> at /var/www/html/createactouc-portal/config/initializers/active_admin.rb:204)
DEPRECATION WARNING: Active Admin: The `register_javascript` config is deprecated and will be removed
in v2. Import your "admin/active_admin.js" javascript in the active_admin.js.
 (called from block in <main> at /var/www/html/createactouc-portal/config/initializers/active_admin.rb:207)
DEPRECATION WARNING: Active Admin: The `register_stylesheet` config is deprecated and will be removed
in v2. Import your "admin/active_admin.css" stylesheet in the active_admin.scss.
 (called from block in <main> at /var/www/html/createactouc-portal/config/initializers/active_admin.rb:204)
DEPRECATION WARNING: Active Admin: The `register_javascript` config is deprecated and will be removed
in v2. Import your "admin/active_admin.js" javascript in the active_admin.js.
 (called from block in <main> at /var/www/html/createactouc-portal/config/initializers/active_admin.rb:207)
  [1m[35m (0.2ms)[0m  [1m[35mSET NAMES utf8,  @@SESSION.sql_mode = CONCAT(CONCAT(@@sql_mode, ',STRICT_ALL_TABLES'), ',NO_AUTO_VALUE_ON_ZERO'),  @@SESSION.sql_auto_is_null = 0, @@SESSION.wait_timeout = 2147483[0m
  ↳ bin/rails:9
  [1m[35m (0.2ms)[0m  [1m[34mSELECT `schema_migrations`.`version` FROM `schema_migrations` ORDER BY `schema_migrations`.`version` ASC[0m
  ↳ bin/rails:9
  [1m[35m (0.2ms)[0m  [1m[34mSELECT `ar_internal_metadata`.`value` FROM `ar_internal_metadata` WHERE `ar_internal_metadata`.`key` = 'environment'[0m
  ↳ bin/rails:9
  [1m[35m (0.2ms)[0m  [1m[34mSELECT `schema_migrations`.`version` FROM `schema_migrations` ORDER BY `schema_migrations`.`version` ASC[0m
  ↳ bin/rails:9
  [1m[35m (0.2ms)[0m  [1m[34mSELECT `ar_internal_metadata`.`value` FROM `ar_internal_metadata` WHERE `ar_internal_metadata`.`key` = 'environment'[0m
  ↳ bin/rails:9
  [1m[35m (0.2ms)[0m  [1m[34mSELECT `schema_migrations`.`version` FROM `schema_migrations` ORDER BY `schema_migrations`.`version` ASC[0m
  ↳ bin/rails:9
  [1m[35m (0.2ms)[0m  [1m[34mSELECT `ar_internal_metadata`.`value` FROM `ar_internal_metadata` WHERE `ar_internal_metadata`.`key` = 'environment'[0m
  ↳ bin/rails:9
  [1m[35m (0.1ms)[0m  [1m[35mSET NAMES utf8,  @@SESSION.sql_mode = CONCAT(CONCAT(@@sql_mode, ',STRICT_ALL_TABLES'), ',NO_AUTO_VALUE_ON_ZERO'),  @@SESSION.sql_auto_is_null = 0, @@SESSION.wait_timeout = 2147483[0m
  ↳ bin/rails:9
  [1m[35m (2306.1ms)[0m  [1m[35mDROP DATABASE IF EXISTS `createactouc_portal`[0m
  ↳ bin/rails:9
  [1m[35m (0.3ms)[0m  [1m[35mSET NAMES utf8,  @@SESSION.sql_mode = CONCAT(CONCAT(@@sql_mode, ',STRICT_ALL_TABLES'), ',NO_AUTO_VALUE_ON_ZERO'),  @@SESSION.sql_auto_is_null = 0, @@SESSION.wait_timeout = 2147483[0m
  ↳ bin/rails:9
  [1m[35m (0.2ms)[0m  [1m[35mCREATE DATABASE `createactouc_portal` DEFAULT CHARACTER SET `utf8`[0m
  ↳ bin/rails:9
  [1m[35m (0.2ms)[0m  [1m[35mSET NAMES utf8,  @@SESSION.sql_mode = CONCAT(CONCAT(@@sql_mode, ',STRICT_ALL_TABLES'), ',NO_AUTO_VALUE_ON_ZERO'),  @@SESSION.sql_auto_is_null = 0, @@SESSION.wait_timeout = 2147483[0m
  ↳ bin/rails:9
  [1m[35m (0.3ms)[0m  [1m[35mCREATE DATABASE `createactouc_portal` DEFAULT CHARACTER SET `utf8`[0m
  ↳ bin/rails:9
  [1m[35m (0.2ms)[0m  [1m[35mSET NAMES utf8,  @@SESSION.sql_mode = CONCAT(CONCAT(@@sql_mode, ',STRICT_ALL_TABLES'), ',NO_AUTO_VALUE_ON_ZERO'),  @@SESSION.sql_auto_is_null = 0, @@SESSION.wait_timeout = 2147483[0m
  ↳ bin/rails:9
  [1m[35m (392.1ms)[0m  [1m[35mCREATE TABLE `schema_migrations` (`version` varchar(255) NOT NULL PRIMARY KEY)[0m
  ↳ bin/rails:9
  [1m[35m (396.7ms)[0m  [1m[35mCREATE TABLE `ar_internal_metadata` (`key` varchar(255) NOT NULL PRIMARY KEY, `value` varchar(255), `created_at` datetime NOT NULL, `updated_at` datetime NOT NULL)[0m
  ↳ bin/rails:9
  [1m[35m (0.2ms)[0m  [1m[34mSELECT GET_LOCK('1216242087395950230', 0)[0m
  ↳ bin/rails:9
  [1m[35m (0.9ms)[0m  [1m[34mSELECT `schema_migrations`.`version` FROM `schema_migrations` ORDER BY `schema_migrations`.`version` ASC[0m
  ↳ bin/rails:9
Migrating to CreateMembers (20180724154715)
  [1m[35m (368.6ms)[0m  [1m[35mCREATE TABLE `members` (`id` bigint NOT NULL AUTO_INCREMENT PRIMARY KEY, `name` varchar(255) NOT NULL, `kana` varchar(255) NOT NULL, `line_name` varchar(255) NOT NULL, `student_number` int NOT NULL, `skill` text, `description` text, `created_at` datetime NOT NULL, `updated_at` datetime NOT NULL)[0m
  ↳ db/migrate/20180724154715_create_members.rb:3
  [1m[35m (0.2ms)[0m  [1m[35mBEGIN[0m
  ↳ bin/rails:9
  [1m[36mActiveRecord::SchemaMigration Create (0.3ms)[0m  [1m[32mINSERT INTO `schema_migrations` (`version`) VALUES ('20180724154715')[0m
  ↳ bin/rails:9
  [1m[35m (47.8ms)[0m  [1m[35mCOMMIT[0m
  ↳ bin/rails:9
Migrating to CreateGroups (20180724154736)
  [1m[35m (387.8ms)[0m  [1m[35mCREATE TABLE `groups` (`id` bigint NOT NULL AUTO_INCREMENT PRIMARY KEY, `name` varchar(255) NOT NULL, `description` text, `created_at` datetime NOT NULL, `updated_at` datetime NOT NULL)[0m
  ↳ db/migrate/20180724154736_create_groups.rb:3
  [1m[35m (0.2ms)[0m  [1m[35mBEGIN[0m
  ↳ bin/rails:9
  [1m[36mActiveRecord::SchemaMigration Create (0.4ms)[0m  [1m[32mINSERT INTO `schema_migrations` (`version`) VALUES ('20180724154736')[0m
  ↳ bin/rails:9
  [1m[35m (104.4ms)[0m  [1m[35mCOMMIT[0m
  ↳ bin/rails:9
Migrating to CreateDayOfWeeks (20180724154835)
  [1m[35m (414.9ms)[0m  [1m[35mCREATE TABLE `day_of_weeks` (`id` bigint NOT NULL AUTO_INCREMENT PRIMARY KEY, `name` varchar(255) NOT NULL, `order` int NOT NULL, `created_at` datetime NOT NULL, `updated_at` datetime NOT NULL)[0m
  ↳ db/migrate/20180724154835_create_day_of_weeks.rb:3
  [1m[35m (0.1ms)[0m  [1m[35mBEGIN[0m
  ↳ bin/rails:9
  [1m[36mActiveRecord::SchemaMigration Create (0.2ms)[0m  [1m[32mINSERT INTO `schema_migrations` (`version`) VALUES ('20180724154835')[0m
  ↳ bin/rails:9
  [1m[35m (54.6ms)[0m  [1m[35mCOMMIT[0m
  ↳ bin/rails:9
Migrating to CreateBlockTimes (20180724154852)
  [1m[35m (374.9ms)[0m  [1m[35mCREATE TABLE `block_times` (`id` bigint NOT NULL AUTO_INCREMENT PRIMARY KEY, `name` varchar(255) NOT NULL, `order` int NOT NULL, `created_at` datetime NOT NULL, `updated_at` datetime NOT NULL)[0m
  ↳ db/migrate/20180724154852_create_block_times.rb:3
  [1m[35m (0.2ms)[0m  [1m[35mBEGIN[0m
  ↳ bin/rails:9
  [1m[36mActiveRecord::SchemaMigration Create (0.3ms)[0m  [1m[32mINSERT INTO `schema_migrations` (`version`) VALUES ('20180724154852')[0m
  ↳ bin/rails:9
  [1m[35m (54.6ms)[0m  [1m[35mCOMMIT[0m
  ↳ bin/rails:9
Migrating to CreateGroupMembers (20180724155011)
  [1m[35m (359.0ms)[0m  [1m[35mCREATE TABLE `group_members` (`id` bigint NOT NULL AUTO_INCREMENT PRIMARY KEY, `member_id` int NOT NULL, `group_id` int NOT NULL, `created_at` datetime NOT NULL, `updated_at` datetime NOT NULL)[0m
  ↳ db/migrate/20180724155011_create_group_members.rb:3
  [1m[35m (0.4ms)[0m  [1m[35mBEGIN[0m
  ↳ bin/rails:9
  [1m[36mActiveRecord::SchemaMigration Create (0.5ms)[0m  [1m[32mINSERT INTO `schema_migrations` (`version`) VALUES ('20180724155011')[0m
  ↳ bin/rails:9
  [1m[35m (51.7ms)[0m  [1m[35mCOMMIT[0m
  ↳ bin/rails:9
Migrating to CreateMemberIdles (20180724155045)
  [1m[35m (399.0ms)[0m  [1m[35mCREATE TABLE `member_idles` (`id` bigint NOT NULL AUTO_INCREMENT PRIMARY KEY, `member_id` int NOT NULL, `day_of_week_id` int NOT NULL, `block_time_id` int NOT NULL, `created_at` datetime NOT NULL, `updated_at` datetime NOT NULL)[0m
  ↳ db/migrate/20180724155045_create_member_idles.rb:3
  [1m[35m (1.4ms)[0m  [1m[35mBEGIN[0m
  ↳ bin/rails:9
  [1m[36mActiveRecord::SchemaMigration Create (0.3ms)[0m  [1m[32mINSERT INTO `schema_migrations` (`version`) VALUES ('20180724155045')[0m
  ↳ bin/rails:9
  [1m[35m (46.9ms)[0m  [1m[35mCOMMIT[0m
  ↳ bin/rails:9
  [1m[36mActiveRecord::InternalMetadata Load (0.6ms)[0m  [1m[34mSELECT  `ar_internal_metadata`.* FROM `ar_internal_metadata` WHERE `ar_internal_metadata`.`key` = 'environment' LIMIT 1[0m
  ↳ bin/rails:9
  [1m[35m (0.1ms)[0m  [1m[35mBEGIN[0m
  ↳ bin/rails:9
  [1m[36mActiveRecord::InternalMetadata Create (0.3ms)[0m  [1m[32mINSERT INTO `ar_internal_metadata` (`key`, `value`, `created_at`, `updated_at`) VALUES ('environment', 'development', '2018-07-24 16:41:18', '2018-07-24 16:41:18')[0m
  ↳ bin/rails:9
  [1m[35m (45.5ms)[0m  [1m[35mCOMMIT[0m
  ↳ bin/rails:9
  [1m[35m (0.2ms)[0m  [1m[34mSELECT RELEASE_LOCK('1216242087395950230')[0m
  ↳ bin/rails:9
  [1m[35m (0.3ms)[0m  [1m[34mSELECT `schema_migrations`.`version` FROM `schema_migrations` ORDER BY `schema_migrations`.`version` ASC[0m
  ↳ bin/rails:9
DEPRECATION WARNING: Active Admin: The `register_stylesheet` config is deprecated and will be removed
in v2. Import your "admin/active_admin.css" stylesheet in the active_admin.scss.
 (called from block in <main> at /var/www/html/createactouc-portal/config/initializers/active_admin.rb:204)
DEPRECATION WARNING: Active Admin: The `register_javascript` config is deprecated and will be removed
in v2. Import your "admin/active_admin.js" javascript in the active_admin.js.
 (called from block in <main> at /var/www/html/createactouc-portal/config/initializers/active_admin.rb:207)
  [1m[35m (0.3ms)[0m  [1m[35mSET NAMES utf8,  @@SESSION.sql_mode = CONCAT(CONCAT(@@sql_mode, ',STRICT_ALL_TABLES'), ',NO_AUTO_VALUE_ON_ZERO'),  @@SESSION.sql_auto_is_null = 0, @@SESSION.wait_timeout = 2147483[0m
  ↳ bin/rails:9
  [1m[35m (0.1ms)[0m  [1m[34mSELECT GET_LOCK('1216242087395950230', 0)[0m
  ↳ bin/rails:9
  [1m[35m (0.2ms)[0m  [1m[34mSELECT `schema_migrations`.`version` FROM `schema_migrations` ORDER BY `schema_migrations`.`version` ASC[0m
  ↳ bin/rails:9
  [1m[36mActiveRecord::InternalMetadata Load (0.2ms)[0m  [1m[34mSELECT  `ar_internal_metadata`.* FROM `ar_internal_metadata` WHERE `ar_internal_metadata`.`key` = 'environment' LIMIT 1[0m
  ↳ bin/rails:9
  [1m[35m (0.1ms)[0m  [1m[35mBEGIN[0m
  ↳ bin/rails:9
  [1m[35m (0.1ms)[0m  [1m[35mCOMMIT[0m
  ↳ bin/rails:9
  [1m[35m (0.1ms)[0m  [1m[34mSELECT RELEASE_LOCK('1216242087395950230')[0m
  ↳ bin/rails:9
  [1m[35m (0.2ms)[0m  [1m[34mSELECT `schema_migrations`.`version` FROM `schema_migrations` ORDER BY `schema_migrations`.`version` ASC[0m
  ↳ bin/rails:9
DEPRECATION WARNING: Active Admin: The `register_stylesheet` config is deprecated and will be removed
in v2. Import your "admin/active_admin.css" stylesheet in the active_admin.scss.
 (called from block in <main> at /var/www/html/createactouc-portal/config/initializers/active_admin.rb:204)
DEPRECATION WARNING: Active Admin: The `register_javascript` config is deprecated and will be removed
in v2. Import your "admin/active_admin.js" javascript in the active_admin.js.
 (called from block in <main> at /var/www/html/createactouc-portal/config/initializers/active_admin.rb:207)
  [1m[35m (0.2ms)[0m  [1m[35mSET NAMES utf8,  @@SESSION.sql_mode = CONCAT(CONCAT(@@sql_mode, ',STRICT_ALL_TABLES'), ',NO_AUTO_VALUE_ON_ZERO'),  @@SESSION.sql_auto_is_null = 0, @@SESSION.wait_timeout = 2147483[0m
  ↳ bin/rails:9
  [1m[35m (0.2ms)[0m  [1m[34mSELECT `schema_migrations`.`version` FROM `schema_migrations` ORDER BY `schema_migrations`.`version` ASC[0m
  ↳ bin/rails:9
DEPRECATION WARNING: Active Admin: The `register_stylesheet` config is deprecated and will be removed
in v2. Import your "admin/active_admin.css" stylesheet in the active_admin.scss.
 (called from block in <main> at /var/www/html/createactouc-portal/config/initializers/active_admin.rb:204)
DEPRECATION WARNING: Active Admin: The `register_javascript` config is deprecated and will be removed
in v2. Import your "admin/active_admin.js" javascript in the active_admin.js.
 (called from block in <main> at /var/www/html/createactouc-portal/config/initializers/active_admin.rb:207)
DEPRECATION WARNING: Active Admin: The `register_stylesheet` config is deprecated and will be removed
in v2. Import your "admin/active_admin.css" stylesheet in the active_admin.scss.
 (called from block in <main> at /var/www/html/createactouc-portal/config/initializers/active_admin.rb:204)
DEPRECATION WARNING: Active Admin: The `register_javascript` config is deprecated and will be removed
in v2. Import your "admin/active_admin.js" javascript in the active_admin.js.
 (called from block in <main> at /var/www/html/createactouc-portal/config/initializers/active_admin.rb:207)
DEPRECATION WARNING: Active Admin: The `register_stylesheet` config is deprecated and will be removed
in v2. Import your "admin/active_admin.css" stylesheet in the active_admin.scss.
 (called from block in <main> at /var/www/html/createactouc-portal/config/initializers/active_admin.rb:204)
DEPRECATION WARNING: Active Admin: The `register_javascript` config is deprecated and will be removed
in v2. Import your "admin/active_admin.js" javascript in the active_admin.js.
 (called from block in <main> at /var/www/html/createactouc-portal/config/initializers/active_admin.rb:207)
DEPRECATION WARNING: Active Admin: The `register_stylesheet` config is deprecated and will be removed
in v2. Import your "admin/active_admin.css" stylesheet in the active_admin.scss.
 (called from block in <main> at /var/www/html/createactouc-portal/config/initializers/active_admin.rb:204)
DEPRECATION WARNING: Active Admin: The `register_javascript` config is deprecated and will be removed
in v2. Import your "admin/active_admin.js" javascript in the active_admin.js.
 (called from block in <main> at /var/www/html/createactouc-portal/config/initializers/active_admin.rb:207)
DEPRECATION WARNING: Active Admin: The `register_stylesheet` config is deprecated and will be removed
in v2. Import your "admin/active_admin.css" stylesheet in the active_admin.scss.
 (called from block in <main> at /var/www/html/createactouc-portal/config/initializers/active_admin.rb:204)
DEPRECATION WARNING: Active Admin: The `register_javascript` config is deprecated and will be removed
in v2. Import your "admin/active_admin.js" javascript in the active_admin.js.
 (called from block in <main> at /var/www/html/createactouc-portal/config/initializers/active_admin.rb:207)
DEPRECATION WARNING: Active Admin: The `register_stylesheet` config is deprecated and will be removed
in v2. Import your "admin/active_admin.css" stylesheet in the active_admin.scss.
 (called from block in <main> at /var/www/html/createactouc-portal/config/initializers/active_admin.rb:204)
DEPRECATION WARNING: Active Admin: The `register_javascript` config is deprecated and will be removed
in v2. Import your "admin/active_admin.js" javascript in the active_admin.js.
 (called from block in <main> at /var/www/html/createactouc-portal/config/initializers/active_admin.rb:207)
DEPRECATION WARNING: Active Admin: The `register_stylesheet` config is deprecated and will be removed
in v2. Import your "admin/active_admin.css" stylesheet in the active_admin.scss.
 (called from block in <main> at /var/www/html/createactouc-portal/config/initializers/active_admin.rb:204)
DEPRECATION WARNING: Active Admin: The `register_javascript` config is deprecated and will be removed
in v2. Import your "admin/active_admin.js" javascript in the active_admin.js.
 (called from block in <main> at /var/www/html/createactouc-portal/config/initializers/active_admin.rb:207)
DEPRECATION WARNING: Active Admin: The `register_stylesheet` config is deprecated and will be removed
in v2. Import your "admin/active_admin.css" stylesheet in the active_admin.scss.
 (called from block in <main> at /var/www/html/createactouc-portal/config/initializers/active_admin.rb:204)
DEPRECATION WARNING: Active Admin: The `register_javascript` config is deprecated and will be removed
in v2. Import your "admin/active_admin.js" javascript in the active_admin.js.
 (called from block in <main> at /var/www/html/createactouc-portal/config/initializers/active_admin.rb:207)
DEPRECATION WARNING: Active Admin: The `register_stylesheet` config is deprecated and will be removed
in v2. Import your "admin/active_admin.css" stylesheet in the active_admin.scss.
 (called from block in <main> at /var/www/html/createactouc-portal/config/initializers/active_admin.rb:204)
DEPRECATION WARNING: Active Admin: The `register_javascript` config is deprecated and will be removed
in v2. Import your "admin/active_admin.js" javascript in the active_admin.js.
 (called from block in <main> at /var/www/html/createactouc-portal/config/initializers/active_admin.rb:207)
DEPRECATION WARNING: Active Admin: The `register_stylesheet` config is deprecated and will be removed
in v2. Import your "admin/active_admin.css" stylesheet in the active_admin.scss.
 (called from block in <main> at /var/www/html/createactouc-portal/config/initializers/active_admin.rb:204)
DEPRECATION WARNING: Active Admin: The `register_javascript` config is deprecated and will be removed
in v2. Import your "admin/active_admin.js" javascript in the active_admin.js.
 (called from block in <main> at /var/www/html/createactouc-portal/config/initializers/active_admin.rb:207)
DEPRECATION WARNING: Active Admin: The `register_stylesheet` config is deprecated and will be removed
in v2. Import your "admin/active_admin.css" stylesheet in the active_admin.scss.
 (called from block in <main> at /var/www/html/createactouc-portal/config/initializers/active_admin.rb:204)
DEPRECATION WARNING: Active Admin: The `register_javascript` config is deprecated and will be removed
in v2. Import your "admin/active_admin.js" javascript in the active_admin.js.
 (called from block in <main> at /var/www/html/createactouc-portal/config/initializers/active_admin.rb:207)
DEPRECATION WARNING: Active Admin: The `register_stylesheet` config is deprecated and will be removed
in v2. Import your "admin/active_admin.css" stylesheet in the active_admin.scss.
 (called from block in <main> at /var/www/html/createactouc-portal/config/initializers/active_admin.rb:204)
DEPRECATION WARNING: Active Admin: The `register_javascript` config is deprecated and will be removed
in v2. Import your "admin/active_admin.js" javascript in the active_admin.js.
 (called from block in <main> at /var/www/html/createactouc-portal/config/initializers/active_admin.rb:207)
DEPRECATION WARNING: Active Admin: The `register_stylesheet` config is deprecated and will be removed
in v2. Import your "admin/active_admin.css" stylesheet in the active_admin.scss.
 (called from block in <main> at /var/www/html/createactouc-portal/config/initializers/active_admin.rb:204)
DEPRECATION WARNING: Active Admin: The `register_javascript` config is deprecated and will be removed
in v2. Import your "admin/active_admin.js" javascript in the active_admin.js.
 (called from block in <main> at /var/www/html/createactouc-portal/config/initializers/active_admin.rb:207)
DEPRECATION WARNING: Active Admin: The `register_stylesheet` config is deprecated and will be removed
in v2. Import your "admin/active_admin.css" stylesheet in the active_admin.scss.
 (called from block in <main> at /var/www/html/createactouc-portal/config/initializers/active_admin.rb:204)
DEPRECATION WARNING: Active Admin: The `register_javascript` config is deprecated and will be removed
in v2. Import your "admin/active_admin.js" javascript in the active_admin.js.
 (called from block in <main> at /var/www/html/createactouc-portal/config/initializers/active_admin.rb:207)
DEPRECATION WARNING: Active Admin: The `register_stylesheet` config is deprecated and will be removed
in v2. Import your "admin/active_admin.css" stylesheet in the active_admin.scss.
 (called from block in <main> at /var/www/html/createactouc-portal/config/initializers/active_admin.rb:204)
DEPRECATION WARNING: Active Admin: The `register_javascript` config is deprecated and will be removed
in v2. Import your "admin/active_admin.js" javascript in the active_admin.js.
 (called from block in <main> at /var/www/html/createactouc-portal/config/initializers/active_admin.rb:207)
  [1m[35m (0.3ms)[0m  [1m[35mSET NAMES utf8,  @@SESSION.sql_mode = CONCAT(CONCAT(@@sql_mode, ',STRICT_ALL_TABLES'), ',NO_AUTO_VALUE_ON_ZERO'),  @@SESSION.sql_auto_is_null = 0, @@SESSION.wait_timeout = 2147483[0m
  ↳ bin/rails:9
  [1m[35m (0.2ms)[0m  [1m[34mSELECT `schema_migrations`.`version` FROM `schema_migrations` ORDER BY `schema_migrations`.`version` ASC[0m
  ↳ bin/rails:9
  [1m[35m (0.3ms)[0m  [1m[34mSELECT `ar_internal_metadata`.`value` FROM `ar_internal_metadata` WHERE `ar_internal_metadata`.`key` = 'environment'[0m
  ↳ bin/rails:9
  [1m[35m (0.2ms)[0m  [1m[34mSELECT `schema_migrations`.`version` FROM `schema_migrations` ORDER BY `schema_migrations`.`version` ASC[0m
  ↳ bin/rails:9
  [1m[35m (0.2ms)[0m  [1m[34mSELECT `ar_internal_metadata`.`value` FROM `ar_internal_metadata` WHERE `ar_internal_metadata`.`key` = 'environment'[0m
  ↳ bin/rails:9
  [1m[35m (0.2ms)[0m  [1m[34mSELECT `schema_migrations`.`version` FROM `schema_migrations` ORDER BY `schema_migrations`.`version` ASC[0m
  ↳ bin/rails:9
  [1m[35m (0.2ms)[0m  [1m[34mSELECT `ar_internal_metadata`.`value` FROM `ar_internal_metadata` WHERE `ar_internal_metadata`.`key` = 'environment'[0m
  ↳ bin/rails:9
  [1m[35m (0.2ms)[0m  [1m[35mSET NAMES utf8,  @@SESSION.sql_mode = CONCAT(CONCAT(@@sql_mode, ',STRICT_ALL_TABLES'), ',NO_AUTO_VALUE_ON_ZERO'),  @@SESSION.sql_auto_is_null = 0, @@SESSION.wait_timeout = 2147483[0m
  ↳ bin/rails:9
  [1m[35m (1647.3ms)[0m  [1m[35mDROP DATABASE IF EXISTS `createactouc_portal`[0m
  ↳ bin/rails:9
  [1m[35m (0.5ms)[0m  [1m[35mSET NAMES utf8,  @@SESSION.sql_mode = CONCAT(CONCAT(@@sql_mode, ',STRICT_ALL_TABLES'), ',NO_AUTO_VALUE_ON_ZERO'),  @@SESSION.sql_auto_is_null = 0, @@SESSION.wait_timeout = 2147483[0m
  ↳ bin/rails:9
  [1m[35m (0.5ms)[0m  [1m[35mCREATE DATABASE `createactouc_portal` DEFAULT CHARACTER SET `utf8`[0m
  ↳ bin/rails:9
  [1m[35m (0.4ms)[0m  [1m[35mSET NAMES utf8,  @@SESSION.sql_mode = CONCAT(CONCAT(@@sql_mode, ',STRICT_ALL_TABLES'), ',NO_AUTO_VALUE_ON_ZERO'),  @@SESSION.sql_auto_is_null = 0, @@SESSION.wait_timeout = 2147483[0m
  ↳ bin/rails:9
  [1m[35m (3.2ms)[0m  [1m[35mCREATE DATABASE `createactouc_portal` DEFAULT CHARACTER SET `utf8`[0m
  ↳ bin/rails:9
  [1m[35m (0.4ms)[0m  [1m[35mSET NAMES utf8,  @@SESSION.sql_mode = CONCAT(CONCAT(@@sql_mode, ',STRICT_ALL_TABLES'), ',NO_AUTO_VALUE_ON_ZERO'),  @@SESSION.sql_auto_is_null = 0, @@SESSION.wait_timeout = 2147483[0m
  ↳ bin/rails:9
  [1m[35m (435.1ms)[0m  [1m[35mCREATE TABLE `schema_migrations` (`version` varchar(255) NOT NULL PRIMARY KEY)[0m
  ↳ bin/rails:9
  [1m[35m (361.4ms)[0m  [1m[35mCREATE TABLE `ar_internal_metadata` (`key` varchar(255) NOT NULL PRIMARY KEY, `value` varchar(255), `created_at` datetime NOT NULL, `updated_at` datetime NOT NULL)[0m
  ↳ bin/rails:9
  [1m[35m (0.2ms)[0m  [1m[34mSELECT GET_LOCK('1216242087395950230', 0)[0m
  ↳ bin/rails:9
  [1m[35m (0.3ms)[0m  [1m[34mSELECT `schema_migrations`.`version` FROM `schema_migrations` ORDER BY `schema_migrations`.`version` ASC[0m
  ↳ bin/rails:9
Migrating to CreateMembers (20180724154715)
  [1m[35m (483.3ms)[0m  [1m[35mCREATE TABLE `members` (`id` bigint NOT NULL AUTO_INCREMENT PRIMARY KEY, `name` varchar(255) NOT NULL, `kana` varchar(255) NOT NULL, `line_name` varchar(255) NOT NULL, `student_number` int NOT NULL, `skill` text, `description` text, `created_at` datetime NOT NULL, `updated_at` datetime NOT NULL)[0m
  ↳ db/migrate/20180724154715_create_members.rb:3
  [1m[35m (0.2ms)[0m  [1m[35mBEGIN[0m
  ↳ bin/rails:9
  [1m[36mActiveRecord::SchemaMigration Create (0.3ms)[0m  [1m[32mINSERT INTO `schema_migrations` (`version`) VALUES ('20180724154715')[0m
  ↳ bin/rails:9
  [1m[35m (47.2ms)[0m  [1m[35mCOMMIT[0m
  ↳ bin/rails:9
Migrating to CreateGroups (20180724154736)
  [1m[35m (356.7ms)[0m  [1m[35mCREATE TABLE `groups` (`id` bigint NOT NULL AUTO_INCREMENT PRIMARY KEY, `name` varchar(255) NOT NULL, `description` text, `created_at` datetime NOT NULL, `updated_at` datetime NOT NULL)[0m
  ↳ db/migrate/20180724154736_create_groups.rb:3
  [1m[35m (0.3ms)[0m  [1m[35mBEGIN[0m
  ↳ bin/rails:9
  [1m[36mActiveRecord::SchemaMigration Create (3.1ms)[0m  [1m[32mINSERT INTO `schema_migrations` (`version`) VALUES ('20180724154736')[0m
  ↳ bin/rails:9
  [1m[35m (102.1ms)[0m  [1m[35mCOMMIT[0m
  ↳ bin/rails:9
Migrating to CreateDayOfWeeks (20180724154835)
  [1m[35m (384.8ms)[0m  [1m[35mCREATE TABLE `day_of_weeks` (`id` bigint NOT NULL AUTO_INCREMENT PRIMARY KEY, `name` varchar(255) NOT NULL, `order` int NOT NULL, `created_at` datetime NOT NULL, `updated_at` datetime NOT NULL)[0m
  ↳ db/migrate/20180724154835_create_day_of_weeks.rb:3
  [1m[35m (0.1ms)[0m  [1m[35mBEGIN[0m
  ↳ bin/rails:9
  [1m[36mActiveRecord::SchemaMigration Create (0.2ms)[0m  [1m[32mINSERT INTO `schema_migrations` (`version`) VALUES ('20180724154835')[0m
  ↳ bin/rails:9
  [1m[35m (47.5ms)[0m  [1m[35mCOMMIT[0m
  ↳ bin/rails:9
Migrating to CreateBlockTimes (20180724154852)
  [1m[35m (357.8ms)[0m  [1m[35mCREATE TABLE `block_times` (`id` bigint NOT NULL AUTO_INCREMENT PRIMARY KEY, `name` varchar(255) NOT NULL, `order` int NOT NULL, `created_at` datetime NOT NULL, `updated_at` datetime NOT NULL)[0m
  ↳ db/migrate/20180724154852_create_block_times.rb:3
  [1m[35m (0.3ms)[0m  [1m[35mBEGIN[0m
  ↳ bin/rails:9
  [1m[36mActiveRecord::SchemaMigration Create (0.5ms)[0m  [1m[32mINSERT INTO `schema_migrations` (`version`) VALUES ('20180724154852')[0m
  ↳ bin/rails:9
  [1m[35m (51.5ms)[0m  [1m[35mCOMMIT[0m
  ↳ bin/rails:9
Migrating to CreateGroupMembers (20180724155011)
  [1m[35m (364.5ms)[0m  [1m[35mCREATE TABLE `group_members` (`id` bigint NOT NULL AUTO_INCREMENT PRIMARY KEY, `member_id` int NOT NULL, `group_id` int NOT NULL, `created_at` datetime NOT NULL, `updated_at` datetime NOT NULL)[0m
  ↳ db/migrate/20180724155011_create_group_members.rb:3
  [1m[35m (0.3ms)[0m  [1m[35mBEGIN[0m
  ↳ bin/rails:9
  [1m[36mActiveRecord::SchemaMigration Create (0.4ms)[0m  [1m[32mINSERT INTO `schema_migrations` (`version`) VALUES ('20180724155011')[0m
  ↳ bin/rails:9
  [1m[35m (47.7ms)[0m  [1m[35mCOMMIT[0m
  ↳ bin/rails:9
Migrating to CreateMemberIdles (20180724155045)
  [1m[35m (374.4ms)[0m  [1m[35mCREATE TABLE `member_idles` (`id` bigint NOT NULL AUTO_INCREMENT PRIMARY KEY, `member_id` int NOT NULL, `day_of_week_id` int NOT NULL, `block_time_id` int NOT NULL, `created_at` datetime NOT NULL, `updated_at` datetime NOT NULL)[0m
  ↳ db/migrate/20180724155045_create_member_idles.rb:3
  [1m[35m (0.3ms)[0m  [1m[35mBEGIN[0m
  ↳ bin/rails:9
  [1m[36mActiveRecord::SchemaMigration Create (0.5ms)[0m  [1m[32mINSERT INTO `schema_migrations` (`version`) VALUES ('20180724155045')[0m
  ↳ bin/rails:9
  [1m[35m (54.8ms)[0m  [1m[35mCOMMIT[0m
  ↳ bin/rails:9
  [1m[36mActiveRecord::InternalMetadata Load (1.0ms)[0m  [1m[34mSELECT  `ar_internal_metadata`.* FROM `ar_internal_metadata` WHERE `ar_internal_metadata`.`key` = 'environment' LIMIT 1[0m
  ↳ bin/rails:9
  [1m[35m (0.3ms)[0m  [1m[35mBEGIN[0m
  ↳ bin/rails:9
  [1m[36mActiveRecord::InternalMetadata Create (0.4ms)[0m  [1m[32mINSERT INTO `ar_internal_metadata` (`key`, `value`, `created_at`, `updated_at`) VALUES ('environment', 'development', '2018-07-24 16:52:29', '2018-07-24 16:52:29')[0m
  ↳ bin/rails:9
  [1m[35m (52.2ms)[0m  [1m[35mCOMMIT[0m
  ↳ bin/rails:9
  [1m[35m (0.3ms)[0m  [1m[34mSELECT RELEASE_LOCK('1216242087395950230')[0m
  ↳ bin/rails:9
  [1m[35m (0.4ms)[0m  [1m[34mSELECT `schema_migrations`.`version` FROM `schema_migrations` ORDER BY `schema_migrations`.`version` ASC[0m
  ↳ bin/rails:9
DEPRECATION WARNING: Active Admin: The `register_stylesheet` config is deprecated and will be removed
in v2. Import your "admin/active_admin.css" stylesheet in the active_admin.scss.
 (called from block in <main> at /var/www/html/createactouc-portal/config/initializers/active_admin.rb:204)
DEPRECATION WARNING: Active Admin: The `register_javascript` config is deprecated and will be removed
in v2. Import your "admin/active_admin.js" javascript in the active_admin.js.
 (called from block in <main> at /var/www/html/createactouc-portal/config/initializers/active_admin.rb:207)
DEPRECATION WARNING: Active Admin: The `register_stylesheet` config is deprecated and will be removed
in v2. Import your "admin/active_admin.css" stylesheet in the active_admin.scss.
 (called from block in <main> at /var/www/html/createactouc-portal/config/initializers/active_admin.rb:204)
DEPRECATION WARNING: Active Admin: The `register_javascript` config is deprecated and will be removed
in v2. Import your "admin/active_admin.js" javascript in the active_admin.js.
 (called from block in <main> at /var/www/html/createactouc-portal/config/initializers/active_admin.rb:207)
DEPRECATION WARNING: Active Admin: The `register_stylesheet` config is deprecated and will be removed
in v2. Import your "admin/active_admin.css" stylesheet in the active_admin.scss.
 (called from block in <main> at /var/www/html/createactouc-portal/config/initializers/active_admin.rb:204)
DEPRECATION WARNING: Active Admin: The `register_javascript` config is deprecated and will be removed
in v2. Import your "admin/active_admin.js" javascript in the active_admin.js.
 (called from block in <main> at /var/www/html/createactouc-portal/config/initializers/active_admin.rb:207)
DEPRECATION WARNING: Active Admin: The `register_stylesheet` config is deprecated and will be removed
in v2. Import your "admin/active_admin.css" stylesheet in the active_admin.scss.
 (called from block in <main> at /var/www/html/createactouc-portal/config/initializers/active_admin.rb:204)
DEPRECATION WARNING: Active Admin: The `register_javascript` config is deprecated and will be removed
in v2. Import your "admin/active_admin.js" javascript in the active_admin.js.
 (called from block in <main> at /var/www/html/createactouc-portal/config/initializers/active_admin.rb:207)
DEPRECATION WARNING: Active Admin: The `register_stylesheet` config is deprecated and will be removed
in v2. Import your "admin/active_admin.css" stylesheet in the active_admin.scss.
 (called from block in <main> at /var/www/html/createactouc-portal/config/initializers/active_admin.rb:204)
DEPRECATION WARNING: Active Admin: The `register_javascript` config is deprecated and will be removed
in v2. Import your "admin/active_admin.js" javascript in the active_admin.js.
 (called from block in <main> at /var/www/html/createactouc-portal/config/initializers/active_admin.rb:207)
DEPRECATION WARNING: Active Admin: The `register_stylesheet` config is deprecated and will be removed
in v2. Import your "admin/active_admin.css" stylesheet in the active_admin.scss.
 (called from block in <main> at /var/www/html/createactouc-portal/config/initializers/active_admin.rb:204)
DEPRECATION WARNING: Active Admin: The `register_javascript` config is deprecated and will be removed
in v2. Import your "admin/active_admin.js" javascript in the active_admin.js.
 (called from block in <main> at /var/www/html/createactouc-portal/config/initializers/active_admin.rb:207)
DEPRECATION WARNING: Active Admin: The `register_stylesheet` config is deprecated and will be removed
in v2. Import your "admin/active_admin.css" stylesheet in the active_admin.scss.
 (called from block in <main> at /var/www/html/createactouc-portal/config/initializers/active_admin.rb:204)
DEPRECATION WARNING: Active Admin: The `register_javascript` config is deprecated and will be removed
in v2. Import your "admin/active_admin.js" javascript in the active_admin.js.
 (called from block in <main> at /var/www/html/createactouc-portal/config/initializers/active_admin.rb:207)
DEPRECATION WARNING: Active Admin: The `register_stylesheet` config is deprecated and will be removed
in v2. Import your "admin/active_admin.css" stylesheet in the active_admin.scss.
 (called from block in <main> at /var/www/html/createactouc-portal/config/initializers/active_admin.rb:204)
DEPRECATION WARNING: Active Admin: The `register_javascript` config is deprecated and will be removed
in v2. Import your "admin/active_admin.js" javascript in the active_admin.js.
 (called from block in <main> at /var/www/html/createactouc-portal/config/initializers/active_admin.rb:207)
DEPRECATION WARNING: Active Admin: The `register_stylesheet` config is deprecated and will be removed
in v2. Import your "admin/active_admin.css" stylesheet in the active_admin.scss.
 (called from block in <main> at /var/www/html/createactouc-portal/config/initializers/active_admin.rb:204)
DEPRECATION WARNING: Active Admin: The `register_javascript` config is deprecated and will be removed
in v2. Import your "admin/active_admin.js" javascript in the active_admin.js.
 (called from block in <main> at /var/www/html/createactouc-portal/config/initializers/active_admin.rb:207)
DEPRECATION WARNING: Active Admin: The `register_stylesheet` config is deprecated and will be removed
in v2. Import your "admin/active_admin.css" stylesheet in the active_admin.scss.
 (called from block in <main> at /var/www/html/createactouc-portal/config/initializers/active_admin.rb:204)
DEPRECATION WARNING: Active Admin: The `register_javascript` config is deprecated and will be removed
in v2. Import your "admin/active_admin.js" javascript in the active_admin.js.
 (called from block in <main> at /var/www/html/createactouc-portal/config/initializers/active_admin.rb:207)
DEPRECATION WARNING: Active Admin: The `register_stylesheet` config is deprecated and will be removed
in v2. Import your "admin/active_admin.css" stylesheet in the active_admin.scss.
 (called from block in <main> at /var/www/html/createactouc-portal/config/initializers/active_admin.rb:204)
DEPRECATION WARNING: Active Admin: The `register_javascript` config is deprecated and will be removed
in v2. Import your "admin/active_admin.js" javascript in the active_admin.js.
 (called from block in <main> at /var/www/html/createactouc-portal/config/initializers/active_admin.rb:207)
DEPRECATION WARNING: Active Admin: The `register_stylesheet` config is deprecated and will be removed
in v2. Import your "admin/active_admin.css" stylesheet in the active_admin.scss.
 (called from block in <main> at /var/www/html/createactouc-portal/config/initializers/active_admin.rb:204)
DEPRECATION WARNING: Active Admin: The `register_javascript` config is deprecated and will be removed
in v2. Import your "admin/active_admin.js" javascript in the active_admin.js.
 (called from block in <main> at /var/www/html/createactouc-portal/config/initializers/active_admin.rb:207)
DEPRECATION WARNING: Active Admin: The `register_stylesheet` config is deprecated and will be removed
in v2. Import your "admin/active_admin.css" stylesheet in the active_admin.scss.
 (called from block in <main> at /var/www/html/createactouc-portal/config/initializers/active_admin.rb:204)
DEPRECATION WARNING: Active Admin: The `register_javascript` config is deprecated and will be removed
in v2. Import your "admin/active_admin.js" javascript in the active_admin.js.
 (called from block in <main> at /var/www/html/createactouc-portal/config/initializers/active_admin.rb:207)
DEPRECATION WARNING: Active Admin: The `register_stylesheet` config is deprecated and will be removed
in v2. Import your "admin/active_admin.css" stylesheet in the active_admin.scss.
 (called from block in <main> at /var/www/html/createactouc-portal/config/initializers/active_admin.rb:204)
DEPRECATION WARNING: Active Admin: The `register_javascript` config is deprecated and will be removed
in v2. Import your "admin/active_admin.js" javascript in the active_admin.js.
 (called from block in <main> at /var/www/html/createactouc-portal/config/initializers/active_admin.rb:207)
