I, [2018-07-22T20:38:18.820465 #20979]  INFO -- : [3c3353af-2096-45f8-995a-491127f2b8c9] Started GET "/" for 192.168.11.4 at 2018-07-22 20:38:18 +0900
F, [2018-07-22T20:38:18.822052 #20979] FATAL -- : [3c3353af-2096-45f8-995a-491127f2b8c9]   
F, [2018-07-22T20:38:18.822104 #20979] FATAL -- : [3c3353af-2096-45f8-995a-491127f2b8c9] ActionController::RoutingError (No route matches [GET] "/"):
F, [2018-07-22T20:38:18.822130 #20979] FATAL -- : [3c3353af-2096-45f8-995a-491127f2b8c9]   
F, [2018-07-22T20:38:18.822164 #20979] FATAL -- : [3c3353af-2096-45f8-995a-491127f2b8c9] actionpack (5.2.0) lib/action_dispatch/middleware/debug_exceptions.rb:65:in `call'
[3c3353af-2096-45f8-995a-491127f2b8c9] actionpack (5.2.0) lib/action_dispatch/middleware/show_exceptions.rb:33:in `call'
[3c3353af-2096-45f8-995a-491127f2b8c9] railties (5.2.0) lib/rails/rack/logger.rb:38:in `call_app'
[3c3353af-2096-45f8-995a-491127f2b8c9] railties (5.2.0) lib/rails/rack/logger.rb:26:in `block in call'
[3c3353af-2096-45f8-995a-491127f2b8c9] activesupport (5.2.0) lib/active_support/tagged_logging.rb:71:in `block in tagged'
[3c3353af-2096-45f8-995a-491127f2b8c9] activesupport (5.2.0) lib/active_support/tagged_logging.rb:28:in `tagged'
[3c3353af-2096-45f8-995a-491127f2b8c9] activesupport (5.2.0) lib/active_support/tagged_logging.rb:71:in `tagged'
[3c3353af-2096-45f8-995a-491127f2b8c9] railties (5.2.0) lib/rails/rack/logger.rb:26:in `call'
[3c3353af-2096-45f8-995a-491127f2b8c9] actionpack (5.2.0) lib/action_dispatch/middleware/remote_ip.rb:81:in `call'
[3c3353af-2096-45f8-995a-491127f2b8c9] actionpack (5.2.0) lib/action_dispatch/middleware/request_id.rb:27:in `call'
[3c3353af-2096-45f8-995a-491127f2b8c9] rack (2.0.5) lib/rack/method_override.rb:22:in `call'
[3c3353af-2096-45f8-995a-491127f2b8c9] rack (2.0.5) lib/rack/runtime.rb:22:in `call'
[3c3353af-2096-45f8-995a-491127f2b8c9] activesupport (5.2.0) lib/active_support/cache/strategy/local_cache_middleware.rb:29:in `call'
[3c3353af-2096-45f8-995a-491127f2b8c9] actionpack (5.2.0) lib/action_dispatch/middleware/executor.rb:14:in `call'
[3c3353af-2096-45f8-995a-491127f2b8c9] rack (2.0.5) lib/rack/sendfile.rb:111:in `call'
[3c3353af-2096-45f8-995a-491127f2b8c9] railties (5.2.0) lib/rails/engine.rb:524:in `call'
[3c3353af-2096-45f8-995a-491127f2b8c9] passenger (5.1.7) src/ruby_supportlib/phusion_passenger/rack/thread_handler_extension.rb:97:in `process_request'
[3c3353af-2096-45f8-995a-491127f2b8c9] passenger (5.1.7) src/ruby_supportlib/phusion_passenger/request_handler/thread_handler.rb:152:in `accept_and_process_next_request'
[3c3353af-2096-45f8-995a-491127f2b8c9] passenger (5.1.7) src/ruby_supportlib/phusion_passenger/request_handler/thread_handler.rb:113:in `main_loop'
[3c3353af-2096-45f8-995a-491127f2b8c9] passenger (5.1.7) src/ruby_supportlib/phusion_passenger/request_handler.rb:416:in `block (3 levels) in start_threads'
[3c3353af-2096-45f8-995a-491127f2b8c9] passenger (5.1.7) src/ruby_supportlib/phusion_passenger/utils.rb:113:in `block in create_thread_and_abort_on_exception'
I, [2018-07-22T20:38:29.507474 #20979]  INFO -- : [b5581226-1b45-42bf-a379-8d759f7e7fdb] Started GET "/createactouc-portal" for 192.168.11.4 at 2018-07-22 20:38:29 +0900
F, [2018-07-22T20:38:29.508911 #20979] FATAL -- : [b5581226-1b45-42bf-a379-8d759f7e7fdb]   
F, [2018-07-22T20:38:29.509036 #20979] FATAL -- : [b5581226-1b45-42bf-a379-8d759f7e7fdb] ActionController::RoutingError (No route matches [GET] "/createactouc-portal"):
F, [2018-07-22T20:38:29.509110 #20979] FATAL -- : [b5581226-1b45-42bf-a379-8d759f7e7fdb]   
F, [2018-07-22T20:38:29.509213 #20979] FATAL -- : [b5581226-1b45-42bf-a379-8d759f7e7fdb] actionpack (5.2.0) lib/action_dispatch/middleware/debug_exceptions.rb:65:in `call'
[b5581226-1b45-42bf-a379-8d759f7e7fdb] actionpack (5.2.0) lib/action_dispatch/middleware/show_exceptions.rb:33:in `call'
[b5581226-1b45-42bf-a379-8d759f7e7fdb] railties (5.2.0) lib/rails/rack/logger.rb:38:in `call_app'
[b5581226-1b45-42bf-a379-8d759f7e7fdb] railties (5.2.0) lib/rails/rack/logger.rb:26:in `block in call'
[b5581226-1b45-42bf-a379-8d759f7e7fdb] activesupport (5.2.0) lib/active_support/tagged_logging.rb:71:in `block in tagged'
[b5581226-1b45-42bf-a379-8d759f7e7fdb] activesupport (5.2.0) lib/active_support/tagged_logging.rb:28:in `tagged'
[b5581226-1b45-42bf-a379-8d759f7e7fdb] activesupport (5.2.0) lib/active_support/tagged_logging.rb:71:in `tagged'
[b5581226-1b45-42bf-a379-8d759f7e7fdb] railties (5.2.0) lib/rails/rack/logger.rb:26:in `call'
[b5581226-1b45-42bf-a379-8d759f7e7fdb] actionpack (5.2.0) lib/action_dispatch/middleware/remote_ip.rb:81:in `call'
[b5581226-1b45-42bf-a379-8d759f7e7fdb] actionpack (5.2.0) lib/action_dispatch/middleware/request_id.rb:27:in `call'
[b5581226-1b45-42bf-a379-8d759f7e7fdb] rack (2.0.5) lib/rack/method_override.rb:22:in `call'
[b5581226-1b45-42bf-a379-8d759f7e7fdb] rack (2.0.5) lib/rack/runtime.rb:22:in `call'
[b5581226-1b45-42bf-a379-8d759f7e7fdb] activesupport (5.2.0) lib/active_support/cache/strategy/local_cache_middleware.rb:29:in `call'
[b5581226-1b45-42bf-a379-8d759f7e7fdb] actionpack (5.2.0) lib/action_dispatch/middleware/executor.rb:14:in `call'
[b5581226-1b45-42bf-a379-8d759f7e7fdb] rack (2.0.5) lib/rack/sendfile.rb:111:in `call'
[b5581226-1b45-42bf-a379-8d759f7e7fdb] railties (5.2.0) lib/rails/engine.rb:524:in `call'
[b5581226-1b45-42bf-a379-8d759f7e7fdb] passenger (5.1.7) src/ruby_supportlib/phusion_passenger/rack/thread_handler_extension.rb:97:in `process_request'
[b5581226-1b45-42bf-a379-8d759f7e7fdb] passenger (5.1.7) src/ruby_supportlib/phusion_passenger/request_handler/thread_handler.rb:152:in `accept_and_process_next_request'
[b5581226-1b45-42bf-a379-8d759f7e7fdb] passenger (5.1.7) src/ruby_supportlib/phusion_passenger/request_handler/thread_handler.rb:113:in `main_loop'
[b5581226-1b45-42bf-a379-8d759f7e7fdb] passenger (5.1.7) src/ruby_supportlib/phusion_passenger/request_handler.rb:416:in `block (3 levels) in start_threads'
[b5581226-1b45-42bf-a379-8d759f7e7fdb] passenger (5.1.7) src/ruby_supportlib/phusion_passenger/utils.rb:113:in `block in create_thread_and_abort_on_exception'
I, [2018-07-22T20:58:30.196271 #20979]  INFO -- : [ef4118d2-f4d5-49b2-a108-04426b7126ca] Started GET "/createactouc-portal" for 192.168.11.4 at 2018-07-22 20:58:30 +0900
F, [2018-07-22T20:58:30.196712 #20979] FATAL -- : [ef4118d2-f4d5-49b2-a108-04426b7126ca]   
F, [2018-07-22T20:58:30.196747 #20979] FATAL -- : [ef4118d2-f4d5-49b2-a108-04426b7126ca] ActionController::RoutingError (No route matches [GET] "/createactouc-portal"):
F, [2018-07-22T20:58:30.196766 #20979] FATAL -- : [ef4118d2-f4d5-49b2-a108-04426b7126ca]   
F, [2018-07-22T20:58:30.196790 #20979] FATAL -- : [ef4118d2-f4d5-49b2-a108-04426b7126ca] actionpack (5.2.0) lib/action_dispatch/middleware/debug_exceptions.rb:65:in `call'
[ef4118d2-f4d5-49b2-a108-04426b7126ca] actionpack (5.2.0) lib/action_dispatch/middleware/show_exceptions.rb:33:in `call'
[ef4118d2-f4d5-49b2-a108-04426b7126ca] railties (5.2.0) lib/rails/rack/logger.rb:38:in `call_app'
[ef4118d2-f4d5-49b2-a108-04426b7126ca] railties (5.2.0) lib/rails/rack/logger.rb:26:in `block in call'
[ef4118d2-f4d5-49b2-a108-04426b7126ca] activesupport (5.2.0) lib/active_support/tagged_logging.rb:71:in `block in tagged'
[ef4118d2-f4d5-49b2-a108-04426b7126ca] activesupport (5.2.0) lib/active_support/tagged_logging.rb:28:in `tagged'
[ef4118d2-f4d5-49b2-a108-04426b7126ca] activesupport (5.2.0) lib/active_support/tagged_logging.rb:71:in `tagged'
[ef4118d2-f4d5-49b2-a108-04426b7126ca] railties (5.2.0) lib/rails/rack/logger.rb:26:in `call'
[ef4118d2-f4d5-49b2-a108-04426b7126ca] actionpack (5.2.0) lib/action_dispatch/middleware/remote_ip.rb:81:in `call'
[ef4118d2-f4d5-49b2-a108-04426b7126ca] actionpack (5.2.0) lib/action_dispatch/middleware/request_id.rb:27:in `call'
[ef4118d2-f4d5-49b2-a108-04426b7126ca] rack (2.0.5) lib/rack/method_override.rb:22:in `call'
[ef4118d2-f4d5-49b2-a108-04426b7126ca] rack (2.0.5) lib/rack/runtime.rb:22:in `call'
[ef4118d2-f4d5-49b2-a108-04426b7126ca] activesupport (5.2.0) lib/active_support/cache/strategy/local_cache_middleware.rb:29:in `call'
[ef4118d2-f4d5-49b2-a108-04426b7126ca] actionpack (5.2.0) lib/action_dispatch/middleware/executor.rb:14:in `call'
[ef4118d2-f4d5-49b2-a108-04426b7126ca] rack (2.0.5) lib/rack/sendfile.rb:111:in `call'
[ef4118d2-f4d5-49b2-a108-04426b7126ca] railties (5.2.0) lib/rails/engine.rb:524:in `call'
[ef4118d2-f4d5-49b2-a108-04426b7126ca] passenger (5.1.7) src/ruby_supportlib/phusion_passenger/rack/thread_handler_extension.rb:97:in `process_request'
[ef4118d2-f4d5-49b2-a108-04426b7126ca] passenger (5.1.7) src/ruby_supportlib/phusion_passenger/request_handler/thread_handler.rb:152:in `accept_and_process_next_request'
[ef4118d2-f4d5-49b2-a108-04426b7126ca] passenger (5.1.7) src/ruby_supportlib/phusion_passenger/request_handler/thread_handler.rb:113:in `main_loop'
[ef4118d2-f4d5-49b2-a108-04426b7126ca] passenger (5.1.7) src/ruby_supportlib/phusion_passenger/request_handler.rb:416:in `block (3 levels) in start_threads'
[ef4118d2-f4d5-49b2-a108-04426b7126ca] passenger (5.1.7) src/ruby_supportlib/phusion_passenger/utils.rb:113:in `block in create_thread_and_abort_on_exception'
I, [2018-07-22T20:58:33.690395 #20979]  INFO -- : [f09db439-a992-4175-8487-b80d5a5c05fc] Started GET "/user" for 192.168.11.4 at 2018-07-22 20:58:33 +0900
F, [2018-07-22T20:58:33.691715 #20979] FATAL -- : [f09db439-a992-4175-8487-b80d5a5c05fc]   
F, [2018-07-22T20:58:33.691885 #20979] FATAL -- : [f09db439-a992-4175-8487-b80d5a5c05fc] ActionController::RoutingError (No route matches [GET] "/user"):
F, [2018-07-22T20:58:33.691939 #20979] FATAL -- : [f09db439-a992-4175-8487-b80d5a5c05fc]   
F, [2018-07-22T20:58:33.692001 #20979] FATAL -- : [f09db439-a992-4175-8487-b80d5a5c05fc] actionpack (5.2.0) lib/action_dispatch/middleware/debug_exceptions.rb:65:in `call'
[f09db439-a992-4175-8487-b80d5a5c05fc] actionpack (5.2.0) lib/action_dispatch/middleware/show_exceptions.rb:33:in `call'
[f09db439-a992-4175-8487-b80d5a5c05fc] railties (5.2.0) lib/rails/rack/logger.rb:38:in `call_app'
[f09db439-a992-4175-8487-b80d5a5c05fc] railties (5.2.0) lib/rails/rack/logger.rb:26:in `block in call'
[f09db439-a992-4175-8487-b80d5a5c05fc] activesupport (5.2.0) lib/active_support/tagged_logging.rb:71:in `block in tagged'
[f09db439-a992-4175-8487-b80d5a5c05fc] activesupport (5.2.0) lib/active_support/tagged_logging.rb:28:in `tagged'
[f09db439-a992-4175-8487-b80d5a5c05fc] activesupport (5.2.0) lib/active_support/tagged_logging.rb:71:in `tagged'
[f09db439-a992-4175-8487-b80d5a5c05fc] railties (5.2.0) lib/rails/rack/logger.rb:26:in `call'
[f09db439-a992-4175-8487-b80d5a5c05fc] actionpack (5.2.0) lib/action_dispatch/middleware/remote_ip.rb:81:in `call'
[f09db439-a992-4175-8487-b80d5a5c05fc] actionpack (5.2.0) lib/action_dispatch/middleware/request_id.rb:27:in `call'
[f09db439-a992-4175-8487-b80d5a5c05fc] rack (2.0.5) lib/rack/method_override.rb:22:in `call'
[f09db439-a992-4175-8487-b80d5a5c05fc] rack (2.0.5) lib/rack/runtime.rb:22:in `call'
[f09db439-a992-4175-8487-b80d5a5c05fc] activesupport (5.2.0) lib/active_support/cache/strategy/local_cache_middleware.rb:29:in `call'
[f09db439-a992-4175-8487-b80d5a5c05fc] actionpack (5.2.0) lib/action_dispatch/middleware/executor.rb:14:in `call'
[f09db439-a992-4175-8487-b80d5a5c05fc] rack (2.0.5) lib/rack/sendfile.rb:111:in `call'
[f09db439-a992-4175-8487-b80d5a5c05fc] railties (5.2.0) lib/rails/engine.rb:524:in `call'
[f09db439-a992-4175-8487-b80d5a5c05fc] passenger (5.1.7) src/ruby_supportlib/phusion_passenger/rack/thread_handler_extension.rb:97:in `process_request'
[f09db439-a992-4175-8487-b80d5a5c05fc] passenger (5.1.7) src/ruby_supportlib/phusion_passenger/request_handler/thread_handler.rb:152:in `accept_and_process_next_request'
[f09db439-a992-4175-8487-b80d5a5c05fc] passenger (5.1.7) src/ruby_supportlib/phusion_passenger/request_handler/thread_handler.rb:113:in `main_loop'
[f09db439-a992-4175-8487-b80d5a5c05fc] passenger (5.1.7) src/ruby_supportlib/phusion_passenger/request_handler.rb:416:in `block (3 levels) in start_threads'
[f09db439-a992-4175-8487-b80d5a5c05fc] passenger (5.1.7) src/ruby_supportlib/phusion_passenger/utils.rb:113:in `block in create_thread_and_abort_on_exception'
